2025-04-09 02:01:48 Loading main app package /usr/lib/obsidian/obsidian.asar
2025-04-09 02:01:48 Checking for update using Github
2025-04-09 02:01:49 Success.
2025-04-09 02:01:49 Latest version is 1.8.9
2025-04-09 02:01:49 App is up to date.
2025-04-12 01:12:37 Checking for update using Github
2025-04-12 01:12:37 Success.
2025-04-12 01:12:37 Latest version is 1.8.9
2025-04-12 01:12:37 App is up to date.
2025-04-12 02:12:37 Checking for update using Github
2025-04-12 02:12:37 Success.
2025-04-12 02:12:37 Latest version is 1.8.9
2025-04-12 02:12:37 App is up to date.
2025-04-12 03:12:37 Checking for update using Github
2025-04-12 03:12:37 Success.
2025-04-12 03:12:37 Latest version is 1.8.9
2025-04-12 03:12:37 App is up to date.
2025-04-12 04:12:37 Checking for update using Github
2025-04-12 04:12:37 Success.
2025-04-12 04:12:37 Latest version is 1.8.9
2025-04-12 04:12:37 App is up to date.
2025-04-12 05:12:37 Checking for update using Github
2025-04-12 05:12:37 Success.
2025-04-12 05:12:37 Latest version is 1.8.9
2025-04-12 05:12:37 App is up to date.
2025-04-12 06:12:37 Checking for update using Github
2025-04-12 06:12:37 Success.
2025-04-12 06:12:37 Latest version is 1.8.9
2025-04-12 06:12:37 App is up to date.
2025-04-12 07:12:37 Checking for update using Github
2025-04-12 07:12:37 Success.
2025-04-12 07:12:37 Latest version is 1.8.9
2025-04-12 07:12:37 App is up to date.
2025-04-12 08:12:37 Checking for update using Github
2025-04-12 08:12:37 Success.
2025-04-12 08:12:37 Latest version is 1.8.9
2025-04-12 08:12:37 App is up to date.
2025-04-12 09:12:37 Checking for update using Github
2025-04-12 09:12:37 Success.
2025-04-12 09:12:37 Latest version is 1.8.9
2025-04-12 09:12:37 App is up to date.
2025-04-12 10:12:37 Checking for update using Github
2025-04-12 10:12:37 Success.
2025-04-12 10:12:37 Latest version is 1.8.9
2025-04-12 10:12:37 App is up to date.
2025-04-12 11:12:37 Checking for update using Github
2025-04-12 11:12:37 Success.
2025-04-12 11:12:37 Latest version is 1.8.9
2025-04-12 11:12:37 App is up to date.
2025-04-12 12:12:37 Checking for update using Github
2025-04-12 12:12:37 Success.
2025-04-12 12:12:37 Latest version is 1.8.9
2025-04-12 12:12:37 App is up to date.
2025-04-12 13:12:37 Checking for update using Github
2025-04-12 13:12:37 Success.
2025-04-12 13:12:37 Latest version is 1.8.9
2025-04-12 13:12:37 App is up to date.
2025-04-12 14:12:37 Checking for update using Github
2025-04-12 14:12:37 Success.
2025-04-12 14:12:37 Latest version is 1.8.9
2025-04-12 14:12:37 App is up to date.
2025-04-12 15:12:37 Checking for update using Github
2025-04-12 15:12:37 Success.
2025-04-12 15:12:37 Latest version is 1.8.9
2025-04-12 15:12:37 App is up to date.
2025-04-12 16:12:37 Checking for update using Github
2025-04-12 16:12:37 Success.
2025-04-12 16:12:37 Latest version is 1.8.9
2025-04-12 16:12:37 App is up to date.
2025-04-12 17:12:37 Checking for update using Github
2025-04-12 17:12:37 Success.
2025-04-12 17:12:37 Latest version is 1.8.9
2025-04-12 17:12:37 App is up to date.
2025-04-12 18:12:37 Checking for update using Github
2025-04-12 18:12:37 Success.
2025-04-12 18:12:37 Latest version is 1.8.9
2025-04-12 18:12:37 App is up to date.
2025-04-12 19:12:37 Checking for update using Github
2025-04-12 19:12:37 Success.
2025-04-12 19:12:37 Latest version is 1.8.9
2025-04-12 19:12:37 App is up to date.
2025-04-12 20:12:37 Checking for update using Github
2025-04-12 20:12:37 Success.
2025-04-12 20:12:37 Latest version is 1.8.9
2025-04-12 20:12:37 App is up to date.
2025-04-12 21:12:37 Checking for update using Github
2025-04-12 21:12:37 Success.
2025-04-12 21:12:37 Latest version is 1.8.9
2025-04-12 21:12:37 App is up to date.
2025-04-12 22:12:37 Checking for update using Github
2025-04-12 22:12:37 Success.
2025-04-12 22:12:37 Latest version is 1.8.9
2025-04-12 22:12:37 App is up to date.
2025-04-12 23:12:37 Checking for update using Github
2025-04-12 23:12:37 Success.
2025-04-12 23:12:37 Latest version is 1.8.9
2025-04-12 23:12:37 App is up to date.
2025-04-13 00:12:37 Checking for update using Github
2025-04-13 00:12:37 Success.
2025-04-13 00:12:37 Latest version is 1.8.9
2025-04-13 00:12:37 App is up to date.
2025-04-13 01:12:37 Checking for update using Github
2025-04-13 01:12:37 Success.
2025-04-13 01:12:37 Latest version is 1.8.9
2025-04-13 01:12:37 App is up to date.
2025-04-13 02:12:37 Checking for update using Github
2025-04-13 02:12:37 Success.
2025-04-13 02:12:37 Latest version is 1.8.9
2025-04-13 02:12:37 App is up to date.
2025-04-13 19:03:48 Checking for update using Github
2025-04-13 19:03:48 Success.
2025-04-13 19:03:48 Latest version is 1.8.9
2025-04-13 19:03:48 App is up to date.
2025-04-13 20:03:48 Checking for update using Github
2025-04-13 20:03:48 Success.
2025-04-13 20:03:48 Latest version is 1.8.9
2025-04-13 20:03:48 App is up to date.
2025-04-13 21:14:44 Checking for update using Github
2025-04-13 21:14:44 Success.
2025-04-13 21:14:44 Latest version is 1.8.9
2025-04-13 21:14:44 App is up to date.
2025-04-13 22:14:44 Checking for update using Github
2025-04-13 22:14:44 Success.
2025-04-13 22:14:44 Latest version is 1.8.9
2025-04-13 22:14:44 App is up to date.
2025-04-14 01:45:32 Checking for update using Github
2025-04-14 01:45:32 Success.
2025-04-14 01:45:32 Latest version is 1.8.9
2025-04-14 01:45:32 App is up to date.
2025-04-14 02:45:32 Checking for update using Github
2025-04-14 02:45:32 Success.
2025-04-14 02:45:32 Latest version is 1.8.9
2025-04-14 02:45:32 App is up to date.
2025-04-14 22:29:20 Checking for update using Github
2025-04-14 22:29:20 Success.
2025-04-14 22:29:20 Latest version is 1.8.9
2025-04-14 22:29:20 App is up to date.
2025-04-14 23:29:20 Checking for update using Github
2025-04-14 23:29:20 Success.
2025-04-14 23:29:20 Latest version is 1.8.9
2025-04-14 23:29:20 App is up to date.
2025-04-15 00:29:20 Checking for update using Github
2025-04-15 00:29:20 Success.
2025-04-15 00:29:20 Latest version is 1.8.9
2025-04-15 00:29:20 App is up to date.
2025-04-15 01:29:20 Checking for update using Github
2025-04-15 01:29:20 Success.
2025-04-15 01:29:20 Latest version is 1.8.9
2025-04-15 01:29:20 App is up to date.
2025-04-15 02:29:20 Checking for update using Github
2025-04-15 02:29:20 Success.
2025-04-15 02:29:20 Latest version is 1.8.9
2025-04-15 02:29:20 App is up to date.
