[2025-Jan-27 22:48:00.335 -05:00][848146:848146][info ] Logging initialized
[2025-Jan-27 22:48:00.335 -05:00][848146:848146][info ] Initializing krisp SDK...
[2025-Jan-27 22:48:00.335 -05:00][848146:848146][info ] DoKrispInitialize
[2025-Jan-27 22:48:00.879 -05:00][848146:848146][info ] LoadDynamicKrisp
[2025-Jan-27 22:48:00.879 -05:00][848146:848146][info ] Did not find KRISP_DYLIB_PATH, skipping dynamic loading
[2025-Jan-27 22:48:00.879 -05:00][848146:848146][info ] Initializing Krisp SDK in PID 848146, addr 0x7f2794d906f0
[2025-Jan-27 22:48:01.220 -05:00][848146:848146][info ] Initialized Krisp SDK successfully
[2025-Jan-27 22:48:01.220 -05:00][848146:848146][info ] Krisp SDK initialized
[2025-Jan-28 14:25:23.854 -05:00][923946:923946][info ] Logging initialized
[2025-Jan-28 14:25:23.855 -05:00][923946:923946][info ] Initializing krisp SDK...
[2025-Jan-28 14:25:23.855 -05:00][923946:923946][info ] DoKrispInitialize
[2025-Jan-28 14:25:24.272 -05:00][923946:923946][info ] LoadDynamicKrisp
[2025-Jan-28 14:25:24.272 -05:00][923946:923946][info ] Did not find KRISP_DYLIB_PATH, skipping dynamic loading
[2025-Jan-28 14:25:24.272 -05:00][923946:923946][info ] Initializing Krisp SDK in PID 923946, addr 0x7f9f20b906f0
[2025-Jan-28 14:25:24.558 -05:00][923946:923946][info ] Initialized Krisp SDK successfully
[2025-Jan-28 14:25:24.558 -05:00][923946:923946][info ] Krisp SDK initialized
[2025-Jan-28 14:25:26.997 -05:00][923946:923946][info ] Logging initialized
[2025-Jan-28 14:25:26.997 -05:00][923946:923946][info ] Initializing krisp SDK...
[2025-Jan-28 14:25:26.997 -05:00][923946:923946][info ] Krisp SDK initialized
[2025-Jan-28 14:35:04.609 -05:00][923946:924063][info ] KrispNCSetup: sampleRate = 48000, duration = 10
[2025-Jan-28 14:35:04.609 -05:00][923946:924063][info ] Setting Krisp model: full_NC
[2025-Jan-28 14:35:04.675 -05:00][923946:924063][info ] KrispVADSetup: sampleRate = 48000, duration = 10
[2025-Jan-28 14:35:10.714 -05:00][923946:924056][info ] KrispVADReset
[2025-Jan-29 11:21:32.240 -05:00][950083:950083][info ] Logging initialized
[2025-Jan-29 11:21:32.240 -05:00][950083:950083][info ] Initializing krisp SDK...
[2025-Jan-29 11:21:32.240 -05:00][950083:950083][info ] DoKrispInitialize
[2025-Jan-29 11:21:32.666 -05:00][950083:950083][info ] LoadDynamicKrisp
[2025-Jan-29 11:21:32.666 -05:00][950083:950083][info ] Did not find KRISP_DYLIB_PATH, skipping dynamic loading
[2025-Jan-29 11:21:32.666 -05:00][950083:950083][info ] Initializing Krisp SDK in PID 950083, addr 0x71aeed7906f0
[2025-Jan-29 11:21:32.952 -05:00][950083:950083][info ] Initialized Krisp SDK successfully
[2025-Jan-29 11:21:32.952 -05:00][950083:950083][info ] Krisp SDK initialized
[2025-Feb-04 13:47:48.513 -05:00][24204:24204][info ] Logging initialized
[2025-Feb-04 13:47:48.513 -05:00][24204:24204][info ] Initializing krisp SDK...
[2025-Feb-04 13:47:48.513 -05:00][24204:24204][info ] DoKrispInitialize
[2025-Feb-04 13:47:48.917 -05:00][24204:24204][info ] LoadDynamicKrisp
[2025-Feb-04 13:47:48.917 -05:00][24204:24204][info ] Did not find KRISP_DYLIB_PATH, skipping dynamic loading
[2025-Feb-04 13:47:48.917 -05:00][24204:24204][info ] Initializing Krisp SDK in PID 24204, addr 0x7612e75906f0
[2025-Feb-04 13:47:49.186 -05:00][24204:24204][info ] Initialized Krisp SDK successfully
[2025-Feb-04 13:47:49.186 -05:00][24204:24204][info ] Krisp SDK initialized
[2025-Mar-05 17:17:42.223 -05:00][252899:252899][info ] Logging initialized
[2025-Mar-05 17:17:42.223 -05:00][252899:252899][info ] Initializing krisp SDK...
[2025-Mar-05 17:17:42.223 -05:00][252899:252899][info ] DoKrispInitialize
[2025-Mar-05 17:17:42.724 -05:00][252899:252899][info ] LoadDynamicKrisp
[2025-Mar-05 17:17:42.724 -05:00][252899:252899][info ] Did not find KRISP_DYLIB_PATH, skipping dynamic loading
[2025-Mar-05 17:17:42.725 -05:00][252899:252899][info ] Initializing Krisp SDK in PID 252899, addr 0x752d249908f0
[2025-Mar-05 17:17:43.038 -05:00][252899:252899][info ] Initialized Krisp SDK successfully
[2025-Mar-05 17:17:43.038 -05:00][252899:252899][info ] Krisp SDK initialized
[2025-Mar-15 22:44:21.869 -04:00][184179:184179][info ] Logging initialized
[2025-Mar-15 22:44:21.869 -04:00][184179:184179][info ] Initializing krisp SDK...
[2025-Mar-15 22:44:21.869 -04:00][184179:184179][info ] DoKrispInitialize
[2025-Mar-15 22:44:22.372 -04:00][184179:184179][info ] LoadDynamicKrisp
[2025-Mar-15 22:44:22.372 -04:00][184179:184179][info ] Did not find KRISP_DYLIB_PATH, skipping dynamic loading
[2025-Mar-15 22:44:22.372 -04:00][184179:184179][info ] Initializing Krisp SDK in PID 184179, addr 0x75c1fc7908f0
[2025-Mar-15 22:44:22.680 -04:00][184179:184179][info ] Initialized Krisp SDK successfully
[2025-Mar-15 22:44:22.680 -04:00][184179:184179][info ] Krisp SDK initialized
