2024-05-20T18:59:46.200Z [Modules] Modules initializing
2024-05-20T18:59:46.200Z [Modules] Distribution: remote
2024-05-20T18:59:46.200Z [Modules] Host updates: enabled
2024-05-20T18:59:46.201Z [Modules] Module updates: enabled
2024-05-20T18:59:46.201Z [Modules] Module install path: /home/Cosmo/.config/discord/0.0.54/modules
2024-05-20T18:59:46.201Z [Modules] Module installed file path: /home/Cosmo/.config/discord/0.0.54/modules/installed.json
2024-05-20T18:59:46.201Z [Modules] Module download path: /home/Cosmo/.config/discord/0.0.54/modules/pending
2024-05-20T18:59:46.522Z [Modules] Bootstrapping...
2024-05-20T18:59:46.523Z [Modules] Installing discord_desktop_core@0 from /opt/discord/resources/bootstrap/discord_desktop_core.zip
2024-05-20T18:59:46.530Z [Modules] Failed installing discord_desktop_core@0: Error: ENOENT: no such file or directory, open '/opt/discord/resources/bootstrap/discord_desktop_core.zip'
2024-05-20T18:59:46.531Z [Modules] Installing discord_erlpack@0 from /opt/discord/resources/bootstrap/discord_erlpack.zip
2024-05-20T18:59:46.535Z [Modules] Failed installing discord_erlpack@0: Error: ENOENT: no such file or directory, open '/opt/discord/resources/bootstrap/discord_erlpack.zip'
2024-05-20T18:59:46.536Z [Modules] Installing discord_spellcheck@0 from /opt/discord/resources/bootstrap/discord_spellcheck.zip
2024-05-20T18:59:46.538Z [Modules] Failed installing discord_spellcheck@0: Error: ENOENT: no such file or directory, open '/opt/discord/resources/bootstrap/discord_spellcheck.zip'
2024-05-20T18:59:46.540Z [Modules] Installing discord_utils@0 from /opt/discord/resources/bootstrap/discord_utils.zip
2024-05-20T18:59:46.545Z [Modules] Failed installing discord_utils@0: Error: ENOENT: no such file or directory, open '/opt/discord/resources/bootstrap/discord_utils.zip'
2024-05-20T18:59:46.546Z [Modules] Installing discord_voice@0 from /opt/discord/resources/bootstrap/discord_voice.zip
2024-05-20T18:59:46.550Z [Modules] Failed installing discord_voice@0: Error: ENOENT: no such file or directory, open '/opt/discord/resources/bootstrap/discord_voice.zip'
2024-05-20T18:59:46.551Z [Modules] Installing discord_zstd@0 from /opt/discord/resources/bootstrap/discord_zstd.zip
2024-05-20T18:59:46.554Z [Modules] Failed installing discord_zstd@0: Error: ENOENT: no such file or directory, open '/opt/discord/resources/bootstrap/discord_zstd.zip'
2024-05-20T18:59:46.554Z [Modules] Finished module installations. [success: 0] [failure: 6]
2024-05-20T18:59:46.555Z [Modules] Checking for host updates.
2024-05-20T18:59:46.901Z [Modules] Host is up to date.
2024-05-20T18:59:46.902Z [Modules] Checking for module updates at https://discord.com/api/modules/stable/versions.json
2024-05-20T18:59:46.941Z [Modules] Module update available: discord_desktop_core@1 [installed: 0]
2024-05-20T18:59:46.941Z [Modules] Module update available: discord_erlpack@1 [installed: 0]
2024-05-20T18:59:46.941Z [Modules] Module update available: discord_spellcheck@1 [installed: 0]
2024-05-20T18:59:46.942Z [Modules] Module update available: discord_utils@1 [installed: 0]
2024-05-20T18:59:46.942Z [Modules] Module update available: discord_voice@1 [installed: 0]
2024-05-20T18:59:46.942Z [Modules] Module update available: discord_zstd@1 [installed: 0]
2024-05-20T18:59:46.943Z [Modules] Fetching discord_desktop_core@1 from https://discord.com/api/modules/stable/discord_desktop_core/1
2024-05-20T18:59:46.943Z [Modules] Streaming discord_desktop_core@1 to /home/Cosmo/.config/discord/0.0.54/modules/pending/discord_desktop_core-1.zip
2024-05-20T18:59:47.256Z [Modules] Streaming discord_desktop_core@1 to /home/Cosmo/.config/discord/0.0.54/modules/pending/discord_desktop_core-1.zip: 1%
2024-05-20T18:59:47.263Z [Modules] Streaming discord_desktop_core@1 to /home/Cosmo/.config/discord/0.0.54/modules/pending/discord_desktop_core-1.zip: 2%
2024-05-20T18:59:47.269Z [Modules] Streaming discord_desktop_core@1 to /home/Cosmo/.config/discord/0.0.54/modules/pending/discord_desktop_core-1.zip: 3%
2024-05-20T18:59:47.273Z [Modules] Streaming discord_desktop_core@1 to /home/Cosmo/.config/discord/0.0.54/modules/pending/discord_desktop_core-1.zip: 5%
2024-05-20T18:59:47.277Z [Modules] Streaming discord_desktop_core@1 to /home/Cosmo/.config/discord/0.0.54/modules/pending/discord_desktop_core-1.zip: 7%
2024-05-20T18:59:47.281Z [Modules] Streaming discord_desktop_core@1 to /home/Cosmo/.config/discord/0.0.54/modules/pending/discord_desktop_core-1.zip: 10%
2024-05-20T18:59:47.283Z [Modules] Streaming discord_desktop_core@1 to /home/Cosmo/.config/discord/0.0.54/modules/pending/discord_desktop_core-1.zip: 11%
2024-05-20T18:59:47.285Z [Modules] Streaming discord_desktop_core@1 to /home/Cosmo/.config/discord/0.0.54/modules/pending/discord_desktop_core-1.zip: 13%
2024-05-20T18:59:47.293Z [Modules] Streaming discord_desktop_core@1 to /home/Cosmo/.config/discord/0.0.54/modules/pending/discord_desktop_core-1.zip: 16%
2024-05-20T18:59:47.296Z [Modules] Streaming discord_desktop_core@1 to /home/Cosmo/.config/discord/0.0.54/modules/pending/discord_desktop_core-1.zip: 19%
2024-05-20T18:59:47.298Z [Modules] Streaming discord_desktop_core@1 to /home/Cosmo/.config/discord/0.0.54/modules/pending/discord_desktop_core-1.zip: 21%
2024-05-20T18:59:47.301Z [Modules] Streaming discord_desktop_core@1 to /home/Cosmo/.config/discord/0.0.54/modules/pending/discord_desktop_core-1.zip: 25%
2024-05-20T18:59:47.307Z [Modules] Streaming discord_desktop_core@1 to /home/Cosmo/.config/discord/0.0.54/modules/pending/discord_desktop_core-1.zip: 28%
2024-05-20T18:59:47.311Z [Modules] Streaming discord_desktop_core@1 to /home/Cosmo/.config/discord/0.0.54/modules/pending/discord_desktop_core-1.zip: 30%
2024-05-20T18:59:47.313Z [Modules] Streaming discord_desktop_core@1 to /home/Cosmo/.config/discord/0.0.54/modules/pending/discord_desktop_core-1.zip: 33%
2024-05-20T18:59:47.317Z [Modules] Streaming discord_desktop_core@1 to /home/Cosmo/.config/discord/0.0.54/modules/pending/discord_desktop_core-1.zip: 36%
2024-05-20T18:59:47.321Z [Modules] Streaming discord_desktop_core@1 to /home/Cosmo/.config/discord/0.0.54/modules/pending/discord_desktop_core-1.zip: 39%
2024-05-20T18:59:47.323Z [Modules] Streaming discord_desktop_core@1 to /home/Cosmo/.config/discord/0.0.54/modules/pending/discord_desktop_core-1.zip: 42%
2024-05-20T18:59:47.328Z [Modules] Streaming discord_desktop_core@1 to /home/Cosmo/.config/discord/0.0.54/modules/pending/discord_desktop_core-1.zip: 46%
2024-05-20T18:59:47.332Z [Modules] Streaming discord_desktop_core@1 to /home/Cosmo/.config/discord/0.0.54/modules/pending/discord_desktop_core-1.zip: 49%
2024-05-20T18:59:47.333Z [Modules] Streaming discord_desktop_core@1 to /home/Cosmo/.config/discord/0.0.54/modules/pending/discord_desktop_core-1.zip: 50%
2024-05-20T18:59:47.339Z [Modules] Streaming discord_desktop_core@1 to /home/Cosmo/.config/discord/0.0.54/modules/pending/discord_desktop_core-1.zip: 53%
2024-05-20T18:59:47.342Z [Modules] Streaming discord_desktop_core@1 to /home/Cosmo/.config/discord/0.0.54/modules/pending/discord_desktop_core-1.zip: 55%
2024-05-20T18:59:47.344Z [Modules] Streaming discord_desktop_core@1 to /home/Cosmo/.config/discord/0.0.54/modules/pending/discord_desktop_core-1.zip: 58%
2024-05-20T18:59:47.347Z [Modules] Streaming discord_desktop_core@1 to /home/Cosmo/.config/discord/0.0.54/modules/pending/discord_desktop_core-1.zip: 61%
2024-05-20T18:59:47.351Z [Modules] Streaming discord_desktop_core@1 to /home/Cosmo/.config/discord/0.0.54/modules/pending/discord_desktop_core-1.zip: 64%
2024-05-20T18:59:47.356Z [Modules] Streaming discord_desktop_core@1 to /home/Cosmo/.config/discord/0.0.54/modules/pending/discord_desktop_core-1.zip: 73%
2024-05-20T18:59:47.366Z [Modules] Streaming discord_desktop_core@1 to /home/Cosmo/.config/discord/0.0.54/modules/pending/discord_desktop_core-1.zip: 76%
2024-05-20T18:59:47.369Z [Modules] Streaming discord_desktop_core@1 to /home/Cosmo/.config/discord/0.0.54/modules/pending/discord_desktop_core-1.zip: 80%
2024-05-20T18:59:47.371Z [Modules] Streaming discord_desktop_core@1 to /home/Cosmo/.config/discord/0.0.54/modules/pending/discord_desktop_core-1.zip: 86%
2024-05-20T18:59:47.374Z [Modules] Streaming discord_desktop_core@1 to /home/Cosmo/.config/discord/0.0.54/modules/pending/discord_desktop_core-1.zip: 88%
2024-05-20T18:59:47.379Z [Modules] Streaming discord_desktop_core@1 to /home/Cosmo/.config/discord/0.0.54/modules/pending/discord_desktop_core-1.zip: 94%
2024-05-20T18:59:47.382Z [Modules] Streaming discord_desktop_core@1 to /home/Cosmo/.config/discord/0.0.54/modules/pending/discord_desktop_core-1.zip: 100%
2024-05-20T18:59:47.385Z [Modules] Fetching discord_erlpack@1 from https://discord.com/api/modules/stable/discord_erlpack/1
2024-05-20T18:59:47.385Z [Modules] Streaming discord_erlpack@1 to /home/Cosmo/.config/discord/0.0.54/modules/pending/discord_erlpack-1.zip
2024-05-20T18:59:47.475Z [Modules] Streaming discord_erlpack@1 to /home/Cosmo/.config/discord/0.0.54/modules/pending/discord_erlpack-1.zip: 5%
2024-05-20T18:59:47.478Z [Modules] Streaming discord_erlpack@1 to /home/Cosmo/.config/discord/0.0.54/modules/pending/discord_erlpack-1.zip: 8%
2024-05-20T18:59:47.480Z [Modules] Streaming discord_erlpack@1 to /home/Cosmo/.config/discord/0.0.54/modules/pending/discord_erlpack-1.zip: 11%
2024-05-20T18:59:47.483Z [Modules] Streaming discord_erlpack@1 to /home/Cosmo/.config/discord/0.0.54/modules/pending/discord_erlpack-1.zip: 17%
2024-05-20T18:59:47.486Z [Modules] Streaming discord_erlpack@1 to /home/Cosmo/.config/discord/0.0.54/modules/pending/discord_erlpack-1.zip: 21%
2024-05-20T18:59:47.492Z [Modules] Streaming discord_erlpack@1 to /home/Cosmo/.config/discord/0.0.54/modules/pending/discord_erlpack-1.zip: 24%
2024-05-20T18:59:47.494Z [Modules] Streaming discord_erlpack@1 to /home/Cosmo/.config/discord/0.0.54/modules/pending/discord_erlpack-1.zip: 32%
2024-05-20T18:59:47.502Z [Modules] Streaming discord_erlpack@1 to /home/Cosmo/.config/discord/0.0.54/modules/pending/discord_erlpack-1.zip: 36%
2024-05-20T18:59:47.506Z [Modules] Streaming discord_erlpack@1 to /home/Cosmo/.config/discord/0.0.54/modules/pending/discord_erlpack-1.zip: 39%
2024-05-20T18:59:47.508Z [Modules] Streaming discord_erlpack@1 to /home/Cosmo/.config/discord/0.0.54/modules/pending/discord_erlpack-1.zip: 45%
2024-05-20T18:59:47.510Z [Modules] Streaming discord_erlpack@1 to /home/Cosmo/.config/discord/0.0.54/modules/pending/discord_erlpack-1.zip: 48%
2024-05-20T18:59:47.512Z [Modules] Streaming discord_erlpack@1 to /home/Cosmo/.config/discord/0.0.54/modules/pending/discord_erlpack-1.zip: 51%
2024-05-20T18:59:47.514Z [Modules] Streaming discord_erlpack@1 to /home/Cosmo/.config/discord/0.0.54/modules/pending/discord_erlpack-1.zip: 54%
2024-05-20T18:59:47.518Z [Modules] Streaming discord_erlpack@1 to /home/Cosmo/.config/discord/0.0.54/modules/pending/discord_erlpack-1.zip: 58%
2024-05-20T18:59:47.521Z [Modules] Streaming discord_erlpack@1 to /home/Cosmo/.config/discord/0.0.54/modules/pending/discord_erlpack-1.zip: 65%
2024-05-20T18:59:47.529Z [Modules] Streaming discord_erlpack@1 to /home/Cosmo/.config/discord/0.0.54/modules/pending/discord_erlpack-1.zip: 69%
2024-05-20T18:59:47.533Z [Modules] Streaming discord_erlpack@1 to /home/Cosmo/.config/discord/0.0.54/modules/pending/discord_erlpack-1.zip: 74%
2024-05-20T18:59:47.538Z [Modules] Streaming discord_erlpack@1 to /home/Cosmo/.config/discord/0.0.54/modules/pending/discord_erlpack-1.zip: 83%
2024-05-20T18:59:47.542Z [Modules] Streaming discord_erlpack@1 to /home/Cosmo/.config/discord/0.0.54/modules/pending/discord_erlpack-1.zip: 86%
2024-05-20T18:59:47.545Z [Modules] Streaming discord_erlpack@1 to /home/Cosmo/.config/discord/0.0.54/modules/pending/discord_erlpack-1.zip: 92%
2024-05-20T18:59:47.547Z [Modules] Streaming discord_erlpack@1 to /home/Cosmo/.config/discord/0.0.54/modules/pending/discord_erlpack-1.zip: 96%
2024-05-20T18:59:47.549Z [Modules] Streaming discord_erlpack@1 to /home/Cosmo/.config/discord/0.0.54/modules/pending/discord_erlpack-1.zip: 98%
2024-05-20T18:59:47.555Z [Modules] Streaming discord_erlpack@1 to /home/Cosmo/.config/discord/0.0.54/modules/pending/discord_erlpack-1.zip: 100%
2024-05-20T18:59:47.559Z [Modules] Fetching discord_spellcheck@1 from https://discord.com/api/modules/stable/discord_spellcheck/1
2024-05-20T18:59:47.559Z [Modules] Streaming discord_spellcheck@1 to /home/Cosmo/.config/discord/0.0.54/modules/pending/discord_spellcheck-1.zip
2024-05-20T18:59:47.647Z [Modules] Streaming discord_spellcheck@1 to /home/Cosmo/.config/discord/0.0.54/modules/pending/discord_spellcheck-1.zip: 1%
2024-05-20T18:59:47.651Z [Modules] Streaming discord_spellcheck@1 to /home/Cosmo/.config/discord/0.0.54/modules/pending/discord_spellcheck-1.zip: 2%
2024-05-20T18:59:47.654Z [Modules] Streaming discord_spellcheck@1 to /home/Cosmo/.config/discord/0.0.54/modules/pending/discord_spellcheck-1.zip: 3%
2024-05-20T18:59:47.657Z [Modules] Streaming discord_spellcheck@1 to /home/Cosmo/.config/discord/0.0.54/modules/pending/discord_spellcheck-1.zip: 4%
2024-05-20T18:59:47.660Z [Modules] Streaming discord_spellcheck@1 to /home/Cosmo/.config/discord/0.0.54/modules/pending/discord_spellcheck-1.zip: 5%
2024-05-20T18:59:47.663Z [Modules] Streaming discord_spellcheck@1 to /home/Cosmo/.config/discord/0.0.54/modules/pending/discord_spellcheck-1.zip: 6%
2024-05-20T18:59:47.664Z [Modules] Streaming discord_spellcheck@1 to /home/Cosmo/.config/discord/0.0.54/modules/pending/discord_spellcheck-1.zip: 7%
2024-05-20T18:59:47.668Z [Modules] Streaming discord_spellcheck@1 to /home/Cosmo/.config/discord/0.0.54/modules/pending/discord_spellcheck-1.zip: 8%
2024-05-20T18:59:47.682Z [Modules] Streaming discord_spellcheck@1 to /home/Cosmo/.config/discord/0.0.54/modules/pending/discord_spellcheck-1.zip: 9%
2024-05-20T18:59:47.686Z [Modules] Streaming discord_spellcheck@1 to /home/Cosmo/.config/discord/0.0.54/modules/pending/discord_spellcheck-1.zip: 10%
2024-05-20T18:59:47.691Z [Modules] Streaming discord_spellcheck@1 to /home/Cosmo/.config/discord/0.0.54/modules/pending/discord_spellcheck-1.zip: 11%
2024-05-20T18:59:47.693Z [Modules] Streaming discord_spellcheck@1 to /home/Cosmo/.config/discord/0.0.54/modules/pending/discord_spellcheck-1.zip: 12%
2024-05-20T18:59:47.696Z [Modules] Streaming discord_spellcheck@1 to /home/Cosmo/.config/discord/0.0.54/modules/pending/discord_spellcheck-1.zip: 13%
2024-05-20T18:59:47.698Z [Modules] Streaming discord_spellcheck@1 to /home/Cosmo/.config/discord/0.0.54/modules/pending/discord_spellcheck-1.zip: 14%
2024-05-20T18:59:47.704Z [Modules] Streaming discord_spellcheck@1 to /home/Cosmo/.config/discord/0.0.54/modules/pending/discord_spellcheck-1.zip: 15%
2024-05-20T18:59:47.706Z [Modules] Streaming discord_spellcheck@1 to /home/Cosmo/.config/discord/0.0.54/modules/pending/discord_spellcheck-1.zip: 16%
2024-05-20T18:59:47.708Z [Modules] Streaming discord_spellcheck@1 to /home/Cosmo/.config/discord/0.0.54/modules/pending/discord_spellcheck-1.zip: 17%
2024-05-20T18:59:47.719Z [Modules] Streaming discord_spellcheck@1 to /home/Cosmo/.config/discord/0.0.54/modules/pending/discord_spellcheck-1.zip: 18%
2024-05-20T18:59:47.721Z [Modules] Streaming discord_spellcheck@1 to /home/Cosmo/.config/discord/0.0.54/modules/pending/discord_spellcheck-1.zip: 19%
2024-05-20T18:59:47.724Z [Modules] Streaming discord_spellcheck@1 to /home/Cosmo/.config/discord/0.0.54/modules/pending/discord_spellcheck-1.zip: 20%
2024-05-20T18:59:47.728Z [Modules] Streaming discord_spellcheck@1 to /home/Cosmo/.config/discord/0.0.54/modules/pending/discord_spellcheck-1.zip: 21%
2024-05-20T18:59:47.729Z [Modules] Streaming discord_spellcheck@1 to /home/Cosmo/.config/discord/0.0.54/modules/pending/discord_spellcheck-1.zip: 22%
2024-05-20T18:59:47.735Z [Modules] Streaming discord_spellcheck@1 to /home/Cosmo/.config/discord/0.0.54/modules/pending/discord_spellcheck-1.zip: 23%
2024-05-20T18:59:47.746Z [Modules] Streaming discord_spellcheck@1 to /home/Cosmo/.config/discord/0.0.54/modules/pending/discord_spellcheck-1.zip: 24%
2024-05-20T18:59:47.751Z [Modules] Streaming discord_spellcheck@1 to /home/Cosmo/.config/discord/0.0.54/modules/pending/discord_spellcheck-1.zip: 25%
2024-05-20T18:59:47.753Z [Modules] Streaming discord_spellcheck@1 to /home/Cosmo/.config/discord/0.0.54/modules/pending/discord_spellcheck-1.zip: 26%
2024-05-20T18:59:47.764Z [Modules] Streaming discord_spellcheck@1 to /home/Cosmo/.config/discord/0.0.54/modules/pending/discord_spellcheck-1.zip: 27%
2024-05-20T18:59:47.768Z [Modules] Streaming discord_spellcheck@1 to /home/Cosmo/.config/discord/0.0.54/modules/pending/discord_spellcheck-1.zip: 28%
2024-05-20T18:59:47.770Z [Modules] Streaming discord_spellcheck@1 to /home/Cosmo/.config/discord/0.0.54/modules/pending/discord_spellcheck-1.zip: 29%
2024-05-20T18:59:47.773Z [Modules] Streaming discord_spellcheck@1 to /home/Cosmo/.config/discord/0.0.54/modules/pending/discord_spellcheck-1.zip: 30%
2024-05-20T18:59:47.775Z [Modules] Streaming discord_spellcheck@1 to /home/Cosmo/.config/discord/0.0.54/modules/pending/discord_spellcheck-1.zip: 31%
2024-05-20T18:59:47.779Z [Modules] Streaming discord_spellcheck@1 to /home/Cosmo/.config/discord/0.0.54/modules/pending/discord_spellcheck-1.zip: 32%
2024-05-20T18:59:47.789Z [Modules] Streaming discord_spellcheck@1 to /home/Cosmo/.config/discord/0.0.54/modules/pending/discord_spellcheck-1.zip: 33%
2024-05-20T18:59:47.791Z [Modules] Streaming discord_spellcheck@1 to /home/Cosmo/.config/discord/0.0.54/modules/pending/discord_spellcheck-1.zip: 34%
2024-05-20T18:59:47.796Z [Modules] Streaming discord_spellcheck@1 to /home/Cosmo/.config/discord/0.0.54/modules/pending/discord_spellcheck-1.zip: 35%
2024-05-20T18:59:47.797Z [Modules] Streaming discord_spellcheck@1 to /home/Cosmo/.config/discord/0.0.54/modules/pending/discord_spellcheck-1.zip: 36%
2024-05-20T18:59:47.803Z [Modules] Streaming discord_spellcheck@1 to /home/Cosmo/.config/discord/0.0.54/modules/pending/discord_spellcheck-1.zip: 37%
2024-05-20T18:59:47.809Z [Modules] Streaming discord_spellcheck@1 to /home/Cosmo/.config/discord/0.0.54/modules/pending/discord_spellcheck-1.zip: 38%
2024-05-20T18:59:47.816Z [Modules] Streaming discord_spellcheck@1 to /home/Cosmo/.config/discord/0.0.54/modules/pending/discord_spellcheck-1.zip: 39%
2024-05-20T18:59:47.820Z [Modules] Streaming discord_spellcheck@1 to /home/Cosmo/.config/discord/0.0.54/modules/pending/discord_spellcheck-1.zip: 40%
2024-05-20T18:59:47.822Z [Modules] Streaming discord_spellcheck@1 to /home/Cosmo/.config/discord/0.0.54/modules/pending/discord_spellcheck-1.zip: 41%
2024-05-20T18:59:47.826Z [Modules] Streaming discord_spellcheck@1 to /home/Cosmo/.config/discord/0.0.54/modules/pending/discord_spellcheck-1.zip: 42%
2024-05-20T18:59:47.830Z [Modules] Streaming discord_spellcheck@1 to /home/Cosmo/.config/discord/0.0.54/modules/pending/discord_spellcheck-1.zip: 43%
2024-05-20T18:59:47.833Z [Modules] Streaming discord_spellcheck@1 to /home/Cosmo/.config/discord/0.0.54/modules/pending/discord_spellcheck-1.zip: 44%
2024-05-20T18:59:47.838Z [Modules] Streaming discord_spellcheck@1 to /home/Cosmo/.config/discord/0.0.54/modules/pending/discord_spellcheck-1.zip: 45%
2024-05-20T18:59:47.849Z [Modules] Streaming discord_spellcheck@1 to /home/Cosmo/.config/discord/0.0.54/modules/pending/discord_spellcheck-1.zip: 46%
2024-05-20T18:59:47.854Z [Modules] Streaming discord_spellcheck@1 to /home/Cosmo/.config/discord/0.0.54/modules/pending/discord_spellcheck-1.zip: 47%
2024-05-20T18:59:47.856Z [Modules] Streaming discord_spellcheck@1 to /home/Cosmo/.config/discord/0.0.54/modules/pending/discord_spellcheck-1.zip: 48%
2024-05-20T18:59:47.861Z [Modules] Streaming discord_spellcheck@1 to /home/Cosmo/.config/discord/0.0.54/modules/pending/discord_spellcheck-1.zip: 49%
2024-05-20T18:59:47.863Z [Modules] Streaming discord_spellcheck@1 to /home/Cosmo/.config/discord/0.0.54/modules/pending/discord_spellcheck-1.zip: 50%
2024-05-20T18:59:47.867Z [Modules] Streaming discord_spellcheck@1 to /home/Cosmo/.config/discord/0.0.54/modules/pending/discord_spellcheck-1.zip: 51%
2024-05-20T18:59:47.872Z [Modules] Streaming discord_spellcheck@1 to /home/Cosmo/.config/discord/0.0.54/modules/pending/discord_spellcheck-1.zip: 52%
2024-05-20T18:59:47.874Z [Modules] Streaming discord_spellcheck@1 to /home/Cosmo/.config/discord/0.0.54/modules/pending/discord_spellcheck-1.zip: 53%
2024-05-20T18:59:47.875Z [Modules] Streaming discord_spellcheck@1 to /home/Cosmo/.config/discord/0.0.54/modules/pending/discord_spellcheck-1.zip: 54%
2024-05-20T18:59:47.886Z [Modules] Streaming discord_spellcheck@1 to /home/Cosmo/.config/discord/0.0.54/modules/pending/discord_spellcheck-1.zip: 55%
2024-05-20T18:59:47.889Z [Modules] Streaming discord_spellcheck@1 to /home/Cosmo/.config/discord/0.0.54/modules/pending/discord_spellcheck-1.zip: 56%
2024-05-20T18:59:47.891Z [Modules] Streaming discord_spellcheck@1 to /home/Cosmo/.config/discord/0.0.54/modules/pending/discord_spellcheck-1.zip: 57%
2024-05-20T18:59:47.896Z [Modules] Streaming discord_spellcheck@1 to /home/Cosmo/.config/discord/0.0.54/modules/pending/discord_spellcheck-1.zip: 58%
2024-05-20T18:59:47.899Z [Modules] Streaming discord_spellcheck@1 to /home/Cosmo/.config/discord/0.0.54/modules/pending/discord_spellcheck-1.zip: 59%
2024-05-20T18:59:47.903Z [Modules] Streaming discord_spellcheck@1 to /home/Cosmo/.config/discord/0.0.54/modules/pending/discord_spellcheck-1.zip: 60%
2024-05-20T18:59:47.906Z [Modules] Streaming discord_spellcheck@1 to /home/Cosmo/.config/discord/0.0.54/modules/pending/discord_spellcheck-1.zip: 61%
2024-05-20T18:59:47.909Z [Modules] Streaming discord_spellcheck@1 to /home/Cosmo/.config/discord/0.0.54/modules/pending/discord_spellcheck-1.zip: 62%
2024-05-20T18:59:47.919Z [Modules] Streaming discord_spellcheck@1 to /home/Cosmo/.config/discord/0.0.54/modules/pending/discord_spellcheck-1.zip: 63%
2024-05-20T18:59:47.921Z [Modules] Streaming discord_spellcheck@1 to /home/Cosmo/.config/discord/0.0.54/modules/pending/discord_spellcheck-1.zip: 64%
2024-05-20T18:59:47.925Z [Modules] Streaming discord_spellcheck@1 to /home/Cosmo/.config/discord/0.0.54/modules/pending/discord_spellcheck-1.zip: 65%
2024-05-20T18:59:47.928Z [Modules] Streaming discord_spellcheck@1 to /home/Cosmo/.config/discord/0.0.54/modules/pending/discord_spellcheck-1.zip: 66%
2024-05-20T18:59:47.932Z [Modules] Streaming discord_spellcheck@1 to /home/Cosmo/.config/discord/0.0.54/modules/pending/discord_spellcheck-1.zip: 67%
2024-05-20T18:59:47.935Z [Modules] Streaming discord_spellcheck@1 to /home/Cosmo/.config/discord/0.0.54/modules/pending/discord_spellcheck-1.zip: 68%
2024-05-20T18:59:47.938Z [Modules] Streaming discord_spellcheck@1 to /home/Cosmo/.config/discord/0.0.54/modules/pending/discord_spellcheck-1.zip: 69%
2024-05-20T18:59:47.946Z [Modules] Streaming discord_spellcheck@1 to /home/Cosmo/.config/discord/0.0.54/modules/pending/discord_spellcheck-1.zip: 70%
2024-05-20T18:59:47.952Z [Modules] Streaming discord_spellcheck@1 to /home/Cosmo/.config/discord/0.0.54/modules/pending/discord_spellcheck-1.zip: 71%
2024-05-20T18:59:47.956Z [Modules] Streaming discord_spellcheck@1 to /home/Cosmo/.config/discord/0.0.54/modules/pending/discord_spellcheck-1.zip: 72%
2024-05-20T18:59:47.959Z [Modules] Streaming discord_spellcheck@1 to /home/Cosmo/.config/discord/0.0.54/modules/pending/discord_spellcheck-1.zip: 73%
2024-05-20T18:59:47.962Z [Modules] Streaming discord_spellcheck@1 to /home/Cosmo/.config/discord/0.0.54/modules/pending/discord_spellcheck-1.zip: 74%
2024-05-20T18:59:47.968Z [Modules] Streaming discord_spellcheck@1 to /home/Cosmo/.config/discord/0.0.54/modules/pending/discord_spellcheck-1.zip: 75%
2024-05-20T18:59:47.971Z [Modules] Streaming discord_spellcheck@1 to /home/Cosmo/.config/discord/0.0.54/modules/pending/discord_spellcheck-1.zip: 76%
2024-05-20T18:59:47.973Z [Modules] Streaming discord_spellcheck@1 to /home/Cosmo/.config/discord/0.0.54/modules/pending/discord_spellcheck-1.zip: 77%
2024-05-20T18:59:47.978Z [Modules] Streaming discord_spellcheck@1 to /home/Cosmo/.config/discord/0.0.54/modules/pending/discord_spellcheck-1.zip: 78%
2024-05-20T18:59:47.988Z [Modules] Streaming discord_spellcheck@1 to /home/Cosmo/.config/discord/0.0.54/modules/pending/discord_spellcheck-1.zip: 79%
2024-05-20T18:59:47.990Z [Modules] Streaming discord_spellcheck@1 to /home/Cosmo/.config/discord/0.0.54/modules/pending/discord_spellcheck-1.zip: 80%
2024-05-20T18:59:47.995Z [Modules] Streaming discord_spellcheck@1 to /home/Cosmo/.config/discord/0.0.54/modules/pending/discord_spellcheck-1.zip: 81%
2024-05-20T18:59:47.996Z [Modules] Streaming discord_spellcheck@1 to /home/Cosmo/.config/discord/0.0.54/modules/pending/discord_spellcheck-1.zip: 82%
2024-05-20T18:59:48.001Z [Modules] Streaming discord_spellcheck@1 to /home/Cosmo/.config/discord/0.0.54/modules/pending/discord_spellcheck-1.zip: 83%
2024-05-20T18:59:48.005Z [Modules] Streaming discord_spellcheck@1 to /home/Cosmo/.config/discord/0.0.54/modules/pending/discord_spellcheck-1.zip: 84%
2024-05-20T18:59:48.012Z [Modules] Streaming discord_spellcheck@1 to /home/Cosmo/.config/discord/0.0.54/modules/pending/discord_spellcheck-1.zip: 85%
2024-05-20T18:59:48.018Z [Modules] Streaming discord_spellcheck@1 to /home/Cosmo/.config/discord/0.0.54/modules/pending/discord_spellcheck-1.zip: 86%
2024-05-20T18:59:48.022Z [Modules] Streaming discord_spellcheck@1 to /home/Cosmo/.config/discord/0.0.54/modules/pending/discord_spellcheck-1.zip: 87%
2024-05-20T18:59:48.026Z [Modules] Streaming discord_spellcheck@1 to /home/Cosmo/.config/discord/0.0.54/modules/pending/discord_spellcheck-1.zip: 88%
2024-05-20T18:59:48.029Z [Modules] Streaming discord_spellcheck@1 to /home/Cosmo/.config/discord/0.0.54/modules/pending/discord_spellcheck-1.zip: 89%
2024-05-20T18:59:48.032Z [Modules] Streaming discord_spellcheck@1 to /home/Cosmo/.config/discord/0.0.54/modules/pending/discord_spellcheck-1.zip: 90%
2024-05-20T18:59:48.035Z [Modules] Streaming discord_spellcheck@1 to /home/Cosmo/.config/discord/0.0.54/modules/pending/discord_spellcheck-1.zip: 91%
2024-05-20T18:59:48.045Z [Modules] Streaming discord_spellcheck@1 to /home/Cosmo/.config/discord/0.0.54/modules/pending/discord_spellcheck-1.zip: 92%
2024-05-20T18:59:48.047Z [Modules] Streaming discord_spellcheck@1 to /home/Cosmo/.config/discord/0.0.54/modules/pending/discord_spellcheck-1.zip: 93%
2024-05-20T18:59:48.050Z [Modules] Streaming discord_spellcheck@1 to /home/Cosmo/.config/discord/0.0.54/modules/pending/discord_spellcheck-1.zip: 94%
2024-05-20T18:59:48.058Z [Modules] Streaming discord_spellcheck@1 to /home/Cosmo/.config/discord/0.0.54/modules/pending/discord_spellcheck-1.zip: 95%
2024-05-20T18:59:48.060Z [Modules] Streaming discord_spellcheck@1 to /home/Cosmo/.config/discord/0.0.54/modules/pending/discord_spellcheck-1.zip: 96%
2024-05-20T18:59:48.072Z [Modules] Streaming discord_spellcheck@1 to /home/Cosmo/.config/discord/0.0.54/modules/pending/discord_spellcheck-1.zip: 97%
2024-05-20T18:59:48.074Z [Modules] Streaming discord_spellcheck@1 to /home/Cosmo/.config/discord/0.0.54/modules/pending/discord_spellcheck-1.zip: 98%
2024-05-20T18:59:48.079Z [Modules] Streaming discord_spellcheck@1 to /home/Cosmo/.config/discord/0.0.54/modules/pending/discord_spellcheck-1.zip: 99%
2024-05-20T18:59:48.080Z [Modules] Streaming discord_spellcheck@1 to /home/Cosmo/.config/discord/0.0.54/modules/pending/discord_spellcheck-1.zip: 100%
2024-05-20T18:59:48.087Z [Modules] Fetching discord_utils@1 from https://discord.com/api/modules/stable/discord_utils/1
2024-05-20T18:59:48.088Z [Modules] Streaming discord_utils@1 to /home/Cosmo/.config/discord/0.0.54/modules/pending/discord_utils-1.zip
2024-05-20T18:59:48.173Z [Modules] Streaming discord_utils@1 to /home/Cosmo/.config/discord/0.0.54/modules/pending/discord_utils-1.zip: 2%
2024-05-20T18:59:48.175Z [Modules] Streaming discord_utils@1 to /home/Cosmo/.config/discord/0.0.54/modules/pending/discord_utils-1.zip: 3%
2024-05-20T18:59:48.177Z [Modules] Streaming discord_utils@1 to /home/Cosmo/.config/discord/0.0.54/modules/pending/discord_utils-1.zip: 5%
2024-05-20T18:59:48.179Z [Modules] Streaming discord_utils@1 to /home/Cosmo/.config/discord/0.0.54/modules/pending/discord_utils-1.zip: 7%
2024-05-20T18:59:48.180Z [Modules] Streaming discord_utils@1 to /home/Cosmo/.config/discord/0.0.54/modules/pending/discord_utils-1.zip: 9%
2024-05-20T18:59:48.182Z [Modules] Streaming discord_utils@1 to /home/Cosmo/.config/discord/0.0.54/modules/pending/discord_utils-1.zip: 11%
2024-05-20T18:59:48.185Z [Modules] Streaming discord_utils@1 to /home/Cosmo/.config/discord/0.0.54/modules/pending/discord_utils-1.zip: 13%
2024-05-20T18:59:48.187Z [Modules] Streaming discord_utils@1 to /home/Cosmo/.config/discord/0.0.54/modules/pending/discord_utils-1.zip: 15%
2024-05-20T18:59:48.189Z [Modules] Streaming discord_utils@1 to /home/Cosmo/.config/discord/0.0.54/modules/pending/discord_utils-1.zip: 17%
2024-05-20T18:59:48.191Z [Modules] Streaming discord_utils@1 to /home/Cosmo/.config/discord/0.0.54/modules/pending/discord_utils-1.zip: 20%
2024-05-20T18:59:48.200Z [Modules] Streaming discord_utils@1 to /home/Cosmo/.config/discord/0.0.54/modules/pending/discord_utils-1.zip: 21%
2024-05-20T18:59:48.202Z [Modules] Streaming discord_utils@1 to /home/Cosmo/.config/discord/0.0.54/modules/pending/discord_utils-1.zip: 23%
2024-05-20T18:59:48.205Z [Modules] Streaming discord_utils@1 to /home/Cosmo/.config/discord/0.0.54/modules/pending/discord_utils-1.zip: 25%
2024-05-20T18:59:48.206Z [Modules] Streaming discord_utils@1 to /home/Cosmo/.config/discord/0.0.54/modules/pending/discord_utils-1.zip: 28%
2024-05-20T18:59:48.208Z [Modules] Streaming discord_utils@1 to /home/Cosmo/.config/discord/0.0.54/modules/pending/discord_utils-1.zip: 29%
2024-05-20T18:59:48.209Z [Modules] Streaming discord_utils@1 to /home/Cosmo/.config/discord/0.0.54/modules/pending/discord_utils-1.zip: 31%
2024-05-20T18:59:48.212Z [Modules] Streaming discord_utils@1 to /home/Cosmo/.config/discord/0.0.54/modules/pending/discord_utils-1.zip: 33%
2024-05-20T18:59:48.213Z [Modules] Streaming discord_utils@1 to /home/Cosmo/.config/discord/0.0.54/modules/pending/discord_utils-1.zip: 35%
2024-05-20T18:59:48.214Z [Modules] Streaming discord_utils@1 to /home/Cosmo/.config/discord/0.0.54/modules/pending/discord_utils-1.zip: 37%
2024-05-20T18:59:48.220Z [Modules] Streaming discord_utils@1 to /home/Cosmo/.config/discord/0.0.54/modules/pending/discord_utils-1.zip: 38%
2024-05-20T18:59:48.221Z [Modules] Streaming discord_utils@1 to /home/Cosmo/.config/discord/0.0.54/modules/pending/discord_utils-1.zip: 40%
2024-05-20T18:59:48.222Z [Modules] Streaming discord_utils@1 to /home/Cosmo/.config/discord/0.0.54/modules/pending/discord_utils-1.zip: 43%
2024-05-20T18:59:48.225Z [Modules] Streaming discord_utils@1 to /home/Cosmo/.config/discord/0.0.54/modules/pending/discord_utils-1.zip: 44%
2024-05-20T18:59:48.227Z [Modules] Streaming discord_utils@1 to /home/Cosmo/.config/discord/0.0.54/modules/pending/discord_utils-1.zip: 46%
2024-05-20T18:59:48.229Z [Modules] Streaming discord_utils@1 to /home/Cosmo/.config/discord/0.0.54/modules/pending/discord_utils-1.zip: 48%
2024-05-20T18:59:48.230Z [Modules] Streaming discord_utils@1 to /home/Cosmo/.config/discord/0.0.54/modules/pending/discord_utils-1.zip: 50%
2024-05-20T18:59:48.233Z [Modules] Streaming discord_utils@1 to /home/Cosmo/.config/discord/0.0.54/modules/pending/discord_utils-1.zip: 52%
2024-05-20T18:59:48.240Z [Modules] Streaming discord_utils@1 to /home/Cosmo/.config/discord/0.0.54/modules/pending/discord_utils-1.zip: 55%
2024-05-20T18:59:48.242Z [Modules] Streaming discord_utils@1 to /home/Cosmo/.config/discord/0.0.54/modules/pending/discord_utils-1.zip: 57%
2024-05-20T18:59:48.245Z [Modules] Streaming discord_utils@1 to /home/Cosmo/.config/discord/0.0.54/modules/pending/discord_utils-1.zip: 58%
2024-05-20T18:59:48.246Z [Modules] Streaming discord_utils@1 to /home/Cosmo/.config/discord/0.0.54/modules/pending/discord_utils-1.zip: 60%
2024-05-20T18:59:48.248Z [Modules] Streaming discord_utils@1 to /home/Cosmo/.config/discord/0.0.54/modules/pending/discord_utils-1.zip: 62%
2024-05-20T18:59:48.251Z [Modules] Streaming discord_utils@1 to /home/Cosmo/.config/discord/0.0.54/modules/pending/discord_utils-1.zip: 64%
2024-05-20T18:59:48.254Z [Modules] Streaming discord_utils@1 to /home/Cosmo/.config/discord/0.0.54/modules/pending/discord_utils-1.zip: 66%
2024-05-20T18:59:48.256Z [Modules] Streaming discord_utils@1 to /home/Cosmo/.config/discord/0.0.54/modules/pending/discord_utils-1.zip: 68%
2024-05-20T18:59:48.257Z [Modules] Streaming discord_utils@1 to /home/Cosmo/.config/discord/0.0.54/modules/pending/discord_utils-1.zip: 70%
2024-05-20T18:59:48.259Z [Modules] Streaming discord_utils@1 to /home/Cosmo/.config/discord/0.0.54/modules/pending/discord_utils-1.zip: 72%
2024-05-20T18:59:48.261Z [Modules] Streaming discord_utils@1 to /home/Cosmo/.config/discord/0.0.54/modules/pending/discord_utils-1.zip: 74%
2024-05-20T18:59:48.271Z [Modules] Streaming discord_utils@1 to /home/Cosmo/.config/discord/0.0.54/modules/pending/discord_utils-1.zip: 76%
2024-05-20T18:59:48.272Z [Modules] Streaming discord_utils@1 to /home/Cosmo/.config/discord/0.0.54/modules/pending/discord_utils-1.zip: 78%
2024-05-20T18:59:48.274Z [Modules] Streaming discord_utils@1 to /home/Cosmo/.config/discord/0.0.54/modules/pending/discord_utils-1.zip: 80%
2024-05-20T18:59:48.277Z [Modules] Streaming discord_utils@1 to /home/Cosmo/.config/discord/0.0.54/modules/pending/discord_utils-1.zip: 82%
2024-05-20T18:59:48.278Z [Modules] Streaming discord_utils@1 to /home/Cosmo/.config/discord/0.0.54/modules/pending/discord_utils-1.zip: 84%
2024-05-20T18:59:48.279Z [Modules] Streaming discord_utils@1 to /home/Cosmo/.config/discord/0.0.54/modules/pending/discord_utils-1.zip: 86%
2024-05-20T18:59:48.285Z [Modules] Streaming discord_utils@1 to /home/Cosmo/.config/discord/0.0.54/modules/pending/discord_utils-1.zip: 88%
2024-05-20T18:59:48.287Z [Modules] Streaming discord_utils@1 to /home/Cosmo/.config/discord/0.0.54/modules/pending/discord_utils-1.zip: 92%
2024-05-20T18:59:48.288Z [Modules] Streaming discord_utils@1 to /home/Cosmo/.config/discord/0.0.54/modules/pending/discord_utils-1.zip: 95%
2024-05-20T18:59:48.291Z [Modules] Streaming discord_utils@1 to /home/Cosmo/.config/discord/0.0.54/modules/pending/discord_utils-1.zip: 96%
2024-05-20T18:59:48.302Z [Modules] Streaming discord_utils@1 to /home/Cosmo/.config/discord/0.0.54/modules/pending/discord_utils-1.zip: 98%
2024-05-20T18:59:48.303Z [Modules] Streaming discord_utils@1 to /home/Cosmo/.config/discord/0.0.54/modules/pending/discord_utils-1.zip: 100%
2024-05-20T18:59:48.305Z [Modules] Fetching discord_voice@1 from https://discord.com/api/modules/stable/discord_voice/1
2024-05-20T18:59:48.306Z [Modules] Streaming discord_voice@1 to /home/Cosmo/.config/discord/0.0.54/modules/pending/discord_voice-1.zip
2024-05-20T18:59:48.403Z [Modules] Streaming discord_voice@1 to /home/Cosmo/.config/discord/0.0.54/modules/pending/discord_voice-1.zip: 1%
2024-05-20T18:59:48.410Z [Modules] Streaming discord_voice@1 to /home/Cosmo/.config/discord/0.0.54/modules/pending/discord_voice-1.zip: 2%
2024-05-20T18:59:48.429Z [Modules] Streaming discord_voice@1 to /home/Cosmo/.config/discord/0.0.54/modules/pending/discord_voice-1.zip: 3%
2024-05-20T18:59:48.436Z [Modules] Streaming discord_voice@1 to /home/Cosmo/.config/discord/0.0.54/modules/pending/discord_voice-1.zip: 4%
2024-05-20T18:59:48.445Z [Modules] Streaming discord_voice@1 to /home/Cosmo/.config/discord/0.0.54/modules/pending/discord_voice-1.zip: 5%
2024-05-20T18:59:48.459Z [Modules] Streaming discord_voice@1 to /home/Cosmo/.config/discord/0.0.54/modules/pending/discord_voice-1.zip: 6%
2024-05-20T18:59:48.467Z [Modules] Streaming discord_voice@1 to /home/Cosmo/.config/discord/0.0.54/modules/pending/discord_voice-1.zip: 7%
2024-05-20T18:59:48.477Z [Modules] Streaming discord_voice@1 to /home/Cosmo/.config/discord/0.0.54/modules/pending/discord_voice-1.zip: 8%
2024-05-20T18:59:48.483Z [Modules] Streaming discord_voice@1 to /home/Cosmo/.config/discord/0.0.54/modules/pending/discord_voice-1.zip: 9%
2024-05-20T18:59:48.498Z [Modules] Streaming discord_voice@1 to /home/Cosmo/.config/discord/0.0.54/modules/pending/discord_voice-1.zip: 10%
2024-05-20T18:59:48.506Z [Modules] Streaming discord_voice@1 to /home/Cosmo/.config/discord/0.0.54/modules/pending/discord_voice-1.zip: 11%
2024-05-20T18:59:48.512Z [Modules] Streaming discord_voice@1 to /home/Cosmo/.config/discord/0.0.54/modules/pending/discord_voice-1.zip: 12%
2024-05-20T18:59:48.536Z [Modules] Streaming discord_voice@1 to /home/Cosmo/.config/discord/0.0.54/modules/pending/discord_voice-1.zip: 13%
2024-05-20T18:59:48.542Z [Modules] Streaming discord_voice@1 to /home/Cosmo/.config/discord/0.0.54/modules/pending/discord_voice-1.zip: 14%
2024-05-20T18:59:48.549Z [Modules] Streaming discord_voice@1 to /home/Cosmo/.config/discord/0.0.54/modules/pending/discord_voice-1.zip: 15%
2024-05-20T18:59:48.567Z [Modules] Streaming discord_voice@1 to /home/Cosmo/.config/discord/0.0.54/modules/pending/discord_voice-1.zip: 16%
2024-05-20T18:59:48.575Z [Modules] Streaming discord_voice@1 to /home/Cosmo/.config/discord/0.0.54/modules/pending/discord_voice-1.zip: 17%
2024-05-20T18:59:48.585Z [Modules] Streaming discord_voice@1 to /home/Cosmo/.config/discord/0.0.54/modules/pending/discord_voice-1.zip: 18%
2024-05-20T18:59:48.592Z [Modules] Streaming discord_voice@1 to /home/Cosmo/.config/discord/0.0.54/modules/pending/discord_voice-1.zip: 19%
2024-05-20T18:59:48.600Z [Modules] Streaming discord_voice@1 to /home/Cosmo/.config/discord/0.0.54/modules/pending/discord_voice-1.zip: 20%
2024-05-20T18:59:48.605Z [Modules] Streaming discord_voice@1 to /home/Cosmo/.config/discord/0.0.54/modules/pending/discord_voice-1.zip: 21%
2024-05-20T18:59:48.628Z [Modules] Streaming discord_voice@1 to /home/Cosmo/.config/discord/0.0.54/modules/pending/discord_voice-1.zip: 22%
2024-05-20T18:59:48.635Z [Modules] Streaming discord_voice@1 to /home/Cosmo/.config/discord/0.0.54/modules/pending/discord_voice-1.zip: 23%
2024-05-20T18:59:48.642Z [Modules] Streaming discord_voice@1 to /home/Cosmo/.config/discord/0.0.54/modules/pending/discord_voice-1.zip: 24%
2024-05-20T18:59:48.659Z [Modules] Streaming discord_voice@1 to /home/Cosmo/.config/discord/0.0.54/modules/pending/discord_voice-1.zip: 25%
2024-05-20T18:59:48.669Z [Modules] Streaming discord_voice@1 to /home/Cosmo/.config/discord/0.0.54/modules/pending/discord_voice-1.zip: 26%
2024-05-20T18:59:48.678Z [Modules] Streaming discord_voice@1 to /home/Cosmo/.config/discord/0.0.54/modules/pending/discord_voice-1.zip: 27%
2024-05-20T18:59:48.685Z [Modules] Streaming discord_voice@1 to /home/Cosmo/.config/discord/0.0.54/modules/pending/discord_voice-1.zip: 28%
2024-05-20T18:59:48.696Z [Modules] Streaming discord_voice@1 to /home/Cosmo/.config/discord/0.0.54/modules/pending/discord_voice-1.zip: 29%
2024-05-20T18:59:48.705Z [Modules] Streaming discord_voice@1 to /home/Cosmo/.config/discord/0.0.54/modules/pending/discord_voice-1.zip: 30%
2024-05-20T18:59:48.715Z [Modules] Streaming discord_voice@1 to /home/Cosmo/.config/discord/0.0.54/modules/pending/discord_voice-1.zip: 31%
2024-05-20T18:59:48.723Z [Modules] Streaming discord_voice@1 to /home/Cosmo/.config/discord/0.0.54/modules/pending/discord_voice-1.zip: 32%
2024-05-20T18:59:48.738Z [Modules] Streaming discord_voice@1 to /home/Cosmo/.config/discord/0.0.54/modules/pending/discord_voice-1.zip: 33%
2024-05-20T18:59:48.744Z [Modules] Streaming discord_voice@1 to /home/Cosmo/.config/discord/0.0.54/modules/pending/discord_voice-1.zip: 34%
2024-05-20T18:59:48.752Z [Modules] Streaming discord_voice@1 to /home/Cosmo/.config/discord/0.0.54/modules/pending/discord_voice-1.zip: 35%
2024-05-20T18:59:48.769Z [Modules] Streaming discord_voice@1 to /home/Cosmo/.config/discord/0.0.54/modules/pending/discord_voice-1.zip: 36%
2024-05-20T18:59:48.776Z [Modules] Streaming discord_voice@1 to /home/Cosmo/.config/discord/0.0.54/modules/pending/discord_voice-1.zip: 37%
2024-05-20T18:59:48.786Z [Modules] Streaming discord_voice@1 to /home/Cosmo/.config/discord/0.0.54/modules/pending/discord_voice-1.zip: 38%
2024-05-20T18:59:48.793Z [Modules] Streaming discord_voice@1 to /home/Cosmo/.config/discord/0.0.54/modules/pending/discord_voice-1.zip: 39%
2024-05-20T18:59:48.808Z [Modules] Streaming discord_voice@1 to /home/Cosmo/.config/discord/0.0.54/modules/pending/discord_voice-1.zip: 40%
2024-05-20T18:59:48.817Z [Modules] Streaming discord_voice@1 to /home/Cosmo/.config/discord/0.0.54/modules/pending/discord_voice-1.zip: 41%
2024-05-20T18:59:48.822Z [Modules] Streaming discord_voice@1 to /home/Cosmo/.config/discord/0.0.54/modules/pending/discord_voice-1.zip: 42%
2024-05-20T18:59:48.831Z [Modules] Streaming discord_voice@1 to /home/Cosmo/.config/discord/0.0.54/modules/pending/discord_voice-1.zip: 43%
2024-05-20T18:59:48.847Z [Modules] Streaming discord_voice@1 to /home/Cosmo/.config/discord/0.0.54/modules/pending/discord_voice-1.zip: 44%
2024-05-20T18:59:48.855Z [Modules] Streaming discord_voice@1 to /home/Cosmo/.config/discord/0.0.54/modules/pending/discord_voice-1.zip: 45%
2024-05-20T18:59:48.863Z [Modules] Streaming discord_voice@1 to /home/Cosmo/.config/discord/0.0.54/modules/pending/discord_voice-1.zip: 46%
2024-05-20T18:59:48.874Z [Modules] Streaming discord_voice@1 to /home/Cosmo/.config/discord/0.0.54/modules/pending/discord_voice-1.zip: 47%
2024-05-20T18:59:48.884Z [Modules] Streaming discord_voice@1 to /home/Cosmo/.config/discord/0.0.54/modules/pending/discord_voice-1.zip: 48%
2024-05-20T18:59:48.890Z [Modules] Streaming discord_voice@1 to /home/Cosmo/.config/discord/0.0.54/modules/pending/discord_voice-1.zip: 49%
2024-05-20T18:59:48.902Z [Modules] Streaming discord_voice@1 to /home/Cosmo/.config/discord/0.0.54/modules/pending/discord_voice-1.zip: 50%
2024-05-20T18:59:48.915Z [Modules] Streaming discord_voice@1 to /home/Cosmo/.config/discord/0.0.54/modules/pending/discord_voice-1.zip: 51%
2024-05-20T18:59:48.921Z [Modules] Streaming discord_voice@1 to /home/Cosmo/.config/discord/0.0.54/modules/pending/discord_voice-1.zip: 52%
2024-05-20T18:59:48.929Z [Modules] Streaming discord_voice@1 to /home/Cosmo/.config/discord/0.0.54/modules/pending/discord_voice-1.zip: 53%
2024-05-20T18:59:48.944Z [Modules] Streaming discord_voice@1 to /home/Cosmo/.config/discord/0.0.54/modules/pending/discord_voice-1.zip: 54%
2024-05-20T18:59:48.952Z [Modules] Streaming discord_voice@1 to /home/Cosmo/.config/discord/0.0.54/modules/pending/discord_voice-1.zip: 55%
2024-05-20T18:59:48.961Z [Modules] Streaming discord_voice@1 to /home/Cosmo/.config/discord/0.0.54/modules/pending/discord_voice-1.zip: 56%
2024-05-20T18:59:48.968Z [Modules] Streaming discord_voice@1 to /home/Cosmo/.config/discord/0.0.54/modules/pending/discord_voice-1.zip: 57%
2024-05-20T18:59:48.990Z [Modules] Streaming discord_voice@1 to /home/Cosmo/.config/discord/0.0.54/modules/pending/discord_voice-1.zip: 58%
2024-05-20T18:59:48.998Z [Modules] Streaming discord_voice@1 to /home/Cosmo/.config/discord/0.0.54/modules/pending/discord_voice-1.zip: 59%
2024-05-20T18:59:49.003Z [Modules] Streaming discord_voice@1 to /home/Cosmo/.config/discord/0.0.54/modules/pending/discord_voice-1.zip: 60%
2024-05-20T18:59:49.016Z [Modules] Streaming discord_voice@1 to /home/Cosmo/.config/discord/0.0.54/modules/pending/discord_voice-1.zip: 61%
2024-05-20T18:59:49.035Z [Modules] Streaming discord_voice@1 to /home/Cosmo/.config/discord/0.0.54/modules/pending/discord_voice-1.zip: 62%
2024-05-20T18:59:49.040Z [Modules] Streaming discord_voice@1 to /home/Cosmo/.config/discord/0.0.54/modules/pending/discord_voice-1.zip: 63%
2024-05-20T18:59:49.054Z [Modules] Streaming discord_voice@1 to /home/Cosmo/.config/discord/0.0.54/modules/pending/discord_voice-1.zip: 64%
2024-05-20T18:59:49.064Z [Modules] Streaming discord_voice@1 to /home/Cosmo/.config/discord/0.0.54/modules/pending/discord_voice-1.zip: 65%
2024-05-20T18:59:49.071Z [Modules] Streaming discord_voice@1 to /home/Cosmo/.config/discord/0.0.54/modules/pending/discord_voice-1.zip: 66%
2024-05-20T18:59:49.080Z [Modules] Streaming discord_voice@1 to /home/Cosmo/.config/discord/0.0.54/modules/pending/discord_voice-1.zip: 67%
2024-05-20T18:59:49.097Z [Modules] Streaming discord_voice@1 to /home/Cosmo/.config/discord/0.0.54/modules/pending/discord_voice-1.zip: 68%
2024-05-20T18:59:49.105Z [Modules] Streaming discord_voice@1 to /home/Cosmo/.config/discord/0.0.54/modules/pending/discord_voice-1.zip: 69%
2024-05-20T18:59:49.112Z [Modules] Streaming discord_voice@1 to /home/Cosmo/.config/discord/0.0.54/modules/pending/discord_voice-1.zip: 70%
2024-05-20T18:59:49.127Z [Modules] Streaming discord_voice@1 to /home/Cosmo/.config/discord/0.0.54/modules/pending/discord_voice-1.zip: 71%
2024-05-20T18:59:49.141Z [Modules] Streaming discord_voice@1 to /home/Cosmo/.config/discord/0.0.54/modules/pending/discord_voice-1.zip: 72%
2024-05-20T18:59:49.152Z [Modules] Streaming discord_voice@1 to /home/Cosmo/.config/discord/0.0.54/modules/pending/discord_voice-1.zip: 73%
2024-05-20T18:59:49.169Z [Modules] Streaming discord_voice@1 to /home/Cosmo/.config/discord/0.0.54/modules/pending/discord_voice-1.zip: 74%
2024-05-20T18:59:49.179Z [Modules] Streaming discord_voice@1 to /home/Cosmo/.config/discord/0.0.54/modules/pending/discord_voice-1.zip: 75%
2024-05-20T18:59:49.186Z [Modules] Streaming discord_voice@1 to /home/Cosmo/.config/discord/0.0.54/modules/pending/discord_voice-1.zip: 76%
2024-05-20T18:59:49.203Z [Modules] Streaming discord_voice@1 to /home/Cosmo/.config/discord/0.0.54/modules/pending/discord_voice-1.zip: 77%
2024-05-20T18:59:49.209Z [Modules] Streaming discord_voice@1 to /home/Cosmo/.config/discord/0.0.54/modules/pending/discord_voice-1.zip: 78%
2024-05-20T18:59:49.218Z [Modules] Streaming discord_voice@1 to /home/Cosmo/.config/discord/0.0.54/modules/pending/discord_voice-1.zip: 79%
2024-05-20T18:59:49.227Z [Modules] Streaming discord_voice@1 to /home/Cosmo/.config/discord/0.0.54/modules/pending/discord_voice-1.zip: 80%
2024-05-20T18:59:49.245Z [Modules] Streaming discord_voice@1 to /home/Cosmo/.config/discord/0.0.54/modules/pending/discord_voice-1.zip: 81%
2024-05-20T18:59:49.253Z [Modules] Streaming discord_voice@1 to /home/Cosmo/.config/discord/0.0.54/modules/pending/discord_voice-1.zip: 82%
2024-05-20T18:59:49.259Z [Modules] Streaming discord_voice@1 to /home/Cosmo/.config/discord/0.0.54/modules/pending/discord_voice-1.zip: 83%
2024-05-20T18:59:49.278Z [Modules] Streaming discord_voice@1 to /home/Cosmo/.config/discord/0.0.54/modules/pending/discord_voice-1.zip: 84%
2024-05-20T18:59:49.286Z [Modules] Streaming discord_voice@1 to /home/Cosmo/.config/discord/0.0.54/modules/pending/discord_voice-1.zip: 85%
2024-05-20T18:59:49.296Z [Modules] Streaming discord_voice@1 to /home/Cosmo/.config/discord/0.0.54/modules/pending/discord_voice-1.zip: 86%
2024-05-20T18:59:49.312Z [Modules] Streaming discord_voice@1 to /home/Cosmo/.config/discord/0.0.54/modules/pending/discord_voice-1.zip: 87%
2024-05-20T18:59:49.320Z [Modules] Streaming discord_voice@1 to /home/Cosmo/.config/discord/0.0.54/modules/pending/discord_voice-1.zip: 88%
2024-05-20T18:59:49.327Z [Modules] Streaming discord_voice@1 to /home/Cosmo/.config/discord/0.0.54/modules/pending/discord_voice-1.zip: 89%
2024-05-20T18:59:49.336Z [Modules] Streaming discord_voice@1 to /home/Cosmo/.config/discord/0.0.54/modules/pending/discord_voice-1.zip: 90%
2024-05-20T18:59:49.360Z [Modules] Streaming discord_voice@1 to /home/Cosmo/.config/discord/0.0.54/modules/pending/discord_voice-1.zip: 91%
2024-05-20T18:59:49.367Z [Modules] Streaming discord_voice@1 to /home/Cosmo/.config/discord/0.0.54/modules/pending/discord_voice-1.zip: 92%
2024-05-20T18:59:49.372Z [Modules] Streaming discord_voice@1 to /home/Cosmo/.config/discord/0.0.54/modules/pending/discord_voice-1.zip: 93%
2024-05-20T18:59:49.388Z [Modules] Streaming discord_voice@1 to /home/Cosmo/.config/discord/0.0.54/modules/pending/discord_voice-1.zip: 94%
2024-05-20T18:59:49.395Z [Modules] Streaming discord_voice@1 to /home/Cosmo/.config/discord/0.0.54/modules/pending/discord_voice-1.zip: 95%
2024-05-20T18:59:49.403Z [Modules] Streaming discord_voice@1 to /home/Cosmo/.config/discord/0.0.54/modules/pending/discord_voice-1.zip: 96%
2024-05-20T18:59:49.409Z [Modules] Streaming discord_voice@1 to /home/Cosmo/.config/discord/0.0.54/modules/pending/discord_voice-1.zip: 97%
2024-05-20T18:59:49.424Z [Modules] Streaming discord_voice@1 to /home/Cosmo/.config/discord/0.0.54/modules/pending/discord_voice-1.zip: 98%
2024-05-20T18:59:49.431Z [Modules] Streaming discord_voice@1 to /home/Cosmo/.config/discord/0.0.54/modules/pending/discord_voice-1.zip: 99%
2024-05-20T18:59:49.444Z [Modules] Streaming discord_voice@1 to /home/Cosmo/.config/discord/0.0.54/modules/pending/discord_voice-1.zip: 100%
2024-05-20T18:59:49.446Z [Modules] Fetching discord_zstd@1 from https://discord.com/api/modules/stable/discord_zstd/1
2024-05-20T18:59:49.446Z [Modules] Streaming discord_zstd@1 to /home/Cosmo/.config/discord/0.0.54/modules/pending/discord_zstd-1.zip
2024-05-20T18:59:49.534Z [Modules] Streaming discord_zstd@1 to /home/Cosmo/.config/discord/0.0.54/modules/pending/discord_zstd-1.zip: 5%
2024-05-20T18:59:49.535Z [Modules] Streaming discord_zstd@1 to /home/Cosmo/.config/discord/0.0.54/modules/pending/discord_zstd-1.zip: 8%
2024-05-20T18:59:49.537Z [Modules] Streaming discord_zstd@1 to /home/Cosmo/.config/discord/0.0.54/modules/pending/discord_zstd-1.zip: 17%
2024-05-20T18:59:49.539Z [Modules] Streaming discord_zstd@1 to /home/Cosmo/.config/discord/0.0.54/modules/pending/discord_zstd-1.zip: 22%
2024-05-20T18:59:49.542Z [Modules] Streaming discord_zstd@1 to /home/Cosmo/.config/discord/0.0.54/modules/pending/discord_zstd-1.zip: 26%
2024-05-20T18:59:49.543Z [Modules] Streaming discord_zstd@1 to /home/Cosmo/.config/discord/0.0.54/modules/pending/discord_zstd-1.zip: 31%
2024-05-20T18:59:49.545Z [Modules] Streaming discord_zstd@1 to /home/Cosmo/.config/discord/0.0.54/modules/pending/discord_zstd-1.zip: 36%
2024-05-20T18:59:49.548Z [Modules] Streaming discord_zstd@1 to /home/Cosmo/.config/discord/0.0.54/modules/pending/discord_zstd-1.zip: 38%
2024-05-20T18:59:49.553Z [Modules] Streaming discord_zstd@1 to /home/Cosmo/.config/discord/0.0.54/modules/pending/discord_zstd-1.zip: 41%
2024-05-20T18:59:49.554Z [Modules] Streaming discord_zstd@1 to /home/Cosmo/.config/discord/0.0.54/modules/pending/discord_zstd-1.zip: 47%
2024-05-20T18:59:49.555Z [Modules] Streaming discord_zstd@1 to /home/Cosmo/.config/discord/0.0.54/modules/pending/discord_zstd-1.zip: 52%
2024-05-20T18:59:49.557Z [Modules] Streaming discord_zstd@1 to /home/Cosmo/.config/discord/0.0.54/modules/pending/discord_zstd-1.zip: 54%
2024-05-20T18:59:49.563Z [Modules] Streaming discord_zstd@1 to /home/Cosmo/.config/discord/0.0.54/modules/pending/discord_zstd-1.zip: 59%
2024-05-20T18:59:49.567Z [Modules] Streaming discord_zstd@1 to /home/Cosmo/.config/discord/0.0.54/modules/pending/discord_zstd-1.zip: 63%
2024-05-20T18:59:49.569Z [Modules] Streaming discord_zstd@1 to /home/Cosmo/.config/discord/0.0.54/modules/pending/discord_zstd-1.zip: 68%
2024-05-20T18:59:49.570Z [Modules] Streaming discord_zstd@1 to /home/Cosmo/.config/discord/0.0.54/modules/pending/discord_zstd-1.zip: 73%
2024-05-20T18:59:49.572Z [Modules] Streaming discord_zstd@1 to /home/Cosmo/.config/discord/0.0.54/modules/pending/discord_zstd-1.zip: 78%
2024-05-20T18:59:49.576Z [Modules] Streaming discord_zstd@1 to /home/Cosmo/.config/discord/0.0.54/modules/pending/discord_zstd-1.zip: 82%
2024-05-20T18:59:49.578Z [Modules] Streaming discord_zstd@1 to /home/Cosmo/.config/discord/0.0.54/modules/pending/discord_zstd-1.zip: 87%
2024-05-20T18:59:49.579Z [Modules] Streaming discord_zstd@1 to /home/Cosmo/.config/discord/0.0.54/modules/pending/discord_zstd-1.zip: 92%
2024-05-20T18:59:49.583Z [Modules] Streaming discord_zstd@1 to /home/Cosmo/.config/discord/0.0.54/modules/pending/discord_zstd-1.zip: 97%
2024-05-20T18:59:49.584Z [Modules] Streaming discord_zstd@1 to /home/Cosmo/.config/discord/0.0.54/modules/pending/discord_zstd-1.zip: 100%
2024-05-20T18:59:49.586Z [Modules] Finished module downloads. [success: 6] [failure: 0]
2024-05-20T18:59:49.587Z [Modules] Installing updates...
2024-05-20T18:59:49.587Z [Modules] Installing discord_desktop_core@1 from /home/Cosmo/.config/discord/0.0.54/modules/pending/discord_desktop_core-1.zip
2024-05-20T18:59:49.732Z [Modules] Installing discord_erlpack@1 from /home/Cosmo/.config/discord/0.0.54/modules/pending/discord_erlpack-1.zip
2024-05-20T18:59:49.823Z [Modules] Installing discord_spellcheck@1 from /home/Cosmo/.config/discord/0.0.54/modules/pending/discord_spellcheck-1.zip
2024-05-20T18:59:51.563Z [Modules] Installing discord_utils@1 from /home/Cosmo/.config/discord/0.0.54/modules/pending/discord_utils-1.zip
2024-05-20T18:59:51.826Z [Modules] Installing discord_voice@1 from /home/Cosmo/.config/discord/0.0.54/modules/pending/discord_voice-1.zip
2024-05-20T18:59:52.754Z [Modules] Installing discord_zstd@1 from /home/Cosmo/.config/discord/0.0.54/modules/pending/discord_zstd-1.zip
2024-05-20T18:59:52.814Z [Modules] Finished module installations. [success: 6] [failure: 0]
2024-05-20T18:59:52.815Z [Modules] Checking for host updates.
2024-05-20T18:59:52.888Z [Modules] Host is up to date.
2024-05-20T18:59:52.889Z [Modules] Checking for module updates at https://discord.com/api/modules/stable/versions.json
2024-05-20T18:59:52.893Z [Modules] No module updates available.
2024-05-20T18:59:55.004Z [Modules] Starting to install discord_krisp...
2024-05-20T18:59:55.005Z [Modules] Fetching discord_krisp@1 from https://discord.com/api/modules/stable/discord_krisp/1
2024-05-20T18:59:55.005Z [Modules] Streaming discord_krisp@1 to /home/Cosmo/.config/discord/0.0.54/modules/pending/discord_krisp-1.zip
2024-05-20T18:59:55.026Z [Modules] Starting to install discord_game_utils...
2024-05-20T18:59:55.121Z [Modules] Streaming discord_krisp@1 to /home/Cosmo/.config/discord/0.0.54/modules/pending/discord_krisp-1.zip: 1%
2024-05-20T18:59:55.136Z [Modules] Streaming discord_krisp@1 to /home/Cosmo/.config/discord/0.0.54/modules/pending/discord_krisp-1.zip: 2%
2024-05-20T18:59:55.146Z [Modules] Streaming discord_krisp@1 to /home/Cosmo/.config/discord/0.0.54/modules/pending/discord_krisp-1.zip: 3%
2024-05-20T18:59:55.149Z [Modules] Streaming discord_krisp@1 to /home/Cosmo/.config/discord/0.0.54/modules/pending/discord_krisp-1.zip: 4%
2024-05-20T18:59:55.158Z [Modules] Streaming discord_krisp@1 to /home/Cosmo/.config/discord/0.0.54/modules/pending/discord_krisp-1.zip: 5%
2024-05-20T18:59:55.165Z [Modules] Streaming discord_krisp@1 to /home/Cosmo/.config/discord/0.0.54/modules/pending/discord_krisp-1.zip: 6%
2024-05-20T18:59:55.170Z [Modules] Streaming discord_krisp@1 to /home/Cosmo/.config/discord/0.0.54/modules/pending/discord_krisp-1.zip: 7%
2024-05-20T18:59:55.188Z [Modules] Streaming discord_krisp@1 to /home/Cosmo/.config/discord/0.0.54/modules/pending/discord_krisp-1.zip: 8%
2024-05-20T18:59:55.194Z [Modules] Streaming discord_krisp@1 to /home/Cosmo/.config/discord/0.0.54/modules/pending/discord_krisp-1.zip: 9%
2024-05-20T18:59:55.202Z [Modules] Streaming discord_krisp@1 to /home/Cosmo/.config/discord/0.0.54/modules/pending/discord_krisp-1.zip: 10%
2024-05-20T18:59:55.220Z [Modules] Streaming discord_krisp@1 to /home/Cosmo/.config/discord/0.0.54/modules/pending/discord_krisp-1.zip: 11%
2024-05-20T18:59:55.227Z [Modules] Streaming discord_krisp@1 to /home/Cosmo/.config/discord/0.0.54/modules/pending/discord_krisp-1.zip: 12%
2024-05-20T18:59:55.236Z [Modules] Streaming discord_krisp@1 to /home/Cosmo/.config/discord/0.0.54/modules/pending/discord_krisp-1.zip: 13%
2024-05-20T18:59:55.244Z [Modules] Streaming discord_krisp@1 to /home/Cosmo/.config/discord/0.0.54/modules/pending/discord_krisp-1.zip: 14%
2024-05-20T18:59:55.258Z [Modules] Streaming discord_krisp@1 to /home/Cosmo/.config/discord/0.0.54/modules/pending/discord_krisp-1.zip: 15%
2024-05-20T18:59:55.264Z [Modules] Streaming discord_krisp@1 to /home/Cosmo/.config/discord/0.0.54/modules/pending/discord_krisp-1.zip: 16%
2024-05-20T18:59:55.270Z [Modules] Streaming discord_krisp@1 to /home/Cosmo/.config/discord/0.0.54/modules/pending/discord_krisp-1.zip: 17%
2024-05-20T18:59:55.286Z [Modules] Streaming discord_krisp@1 to /home/Cosmo/.config/discord/0.0.54/modules/pending/discord_krisp-1.zip: 18%
2024-05-20T18:59:55.294Z [Modules] Streaming discord_krisp@1 to /home/Cosmo/.config/discord/0.0.54/modules/pending/discord_krisp-1.zip: 19%
2024-05-20T18:59:55.301Z [Modules] Streaming discord_krisp@1 to /home/Cosmo/.config/discord/0.0.54/modules/pending/discord_krisp-1.zip: 20%
2024-05-20T18:59:55.316Z [Modules] Streaming discord_krisp@1 to /home/Cosmo/.config/discord/0.0.54/modules/pending/discord_krisp-1.zip: 21%
2024-05-20T18:59:55.324Z [Modules] Streaming discord_krisp@1 to /home/Cosmo/.config/discord/0.0.54/modules/pending/discord_krisp-1.zip: 22%
2024-05-20T18:59:55.332Z [Modules] Streaming discord_krisp@1 to /home/Cosmo/.config/discord/0.0.54/modules/pending/discord_krisp-1.zip: 23%
2024-05-20T18:59:55.341Z [Modules] Streaming discord_krisp@1 to /home/Cosmo/.config/discord/0.0.54/modules/pending/discord_krisp-1.zip: 24%
2024-05-20T18:59:55.350Z [Modules] Streaming discord_krisp@1 to /home/Cosmo/.config/discord/0.0.54/modules/pending/discord_krisp-1.zip: 25%
2024-05-20T18:59:55.355Z [Modules] Streaming discord_krisp@1 to /home/Cosmo/.config/discord/0.0.54/modules/pending/discord_krisp-1.zip: 26%
2024-05-20T18:59:55.364Z [Modules] Streaming discord_krisp@1 to /home/Cosmo/.config/discord/0.0.54/modules/pending/discord_krisp-1.zip: 27%
2024-05-20T18:59:55.374Z [Modules] Streaming discord_krisp@1 to /home/Cosmo/.config/discord/0.0.54/modules/pending/discord_krisp-1.zip: 28%
2024-05-20T18:59:55.382Z [Modules] Streaming discord_krisp@1 to /home/Cosmo/.config/discord/0.0.54/modules/pending/discord_krisp-1.zip: 29%
2024-05-20T18:59:55.389Z [Modules] Streaming discord_krisp@1 to /home/Cosmo/.config/discord/0.0.54/modules/pending/discord_krisp-1.zip: 30%
2024-05-20T18:59:55.406Z [Modules] Streaming discord_krisp@1 to /home/Cosmo/.config/discord/0.0.54/modules/pending/discord_krisp-1.zip: 31%
2024-05-20T18:59:55.415Z [Modules] Streaming discord_krisp@1 to /home/Cosmo/.config/discord/0.0.54/modules/pending/discord_krisp-1.zip: 32%
2024-05-20T18:59:55.420Z [Modules] Streaming discord_krisp@1 to /home/Cosmo/.config/discord/0.0.54/modules/pending/discord_krisp-1.zip: 33%
2024-05-20T18:59:55.429Z [Modules] Streaming discord_krisp@1 to /home/Cosmo/.config/discord/0.0.54/modules/pending/discord_krisp-1.zip: 34%
2024-05-20T18:59:55.444Z [Modules] Streaming discord_krisp@1 to /home/Cosmo/.config/discord/0.0.54/modules/pending/discord_krisp-1.zip: 35%
2024-05-20T18:59:55.451Z [Modules] Streaming discord_krisp@1 to /home/Cosmo/.config/discord/0.0.54/modules/pending/discord_krisp-1.zip: 36%
2024-05-20T18:59:55.458Z [Modules] Streaming discord_krisp@1 to /home/Cosmo/.config/discord/0.0.54/modules/pending/discord_krisp-1.zip: 37%
2024-05-20T18:59:55.471Z [Modules] Streaming discord_krisp@1 to /home/Cosmo/.config/discord/0.0.54/modules/pending/discord_krisp-1.zip: 38%
2024-05-20T18:59:55.478Z [Modules] Streaming discord_krisp@1 to /home/Cosmo/.config/discord/0.0.54/modules/pending/discord_krisp-1.zip: 39%
2024-05-20T18:59:55.486Z [Modules] Streaming discord_krisp@1 to /home/Cosmo/.config/discord/0.0.54/modules/pending/discord_krisp-1.zip: 40%
2024-05-20T18:59:55.500Z [Modules] Streaming discord_krisp@1 to /home/Cosmo/.config/discord/0.0.54/modules/pending/discord_krisp-1.zip: 41%
2024-05-20T18:59:55.505Z [Modules] Streaming discord_krisp@1 to /home/Cosmo/.config/discord/0.0.54/modules/pending/discord_krisp-1.zip: 42%
2024-05-20T18:59:55.514Z [Modules] Streaming discord_krisp@1 to /home/Cosmo/.config/discord/0.0.54/modules/pending/discord_krisp-1.zip: 43%
2024-05-20T18:59:55.530Z [Modules] Streaming discord_krisp@1 to /home/Cosmo/.config/discord/0.0.54/modules/pending/discord_krisp-1.zip: 44%
2024-05-20T18:59:55.537Z [Modules] Streaming discord_krisp@1 to /home/Cosmo/.config/discord/0.0.54/modules/pending/discord_krisp-1.zip: 45%
2024-05-20T18:59:55.549Z [Modules] Streaming discord_krisp@1 to /home/Cosmo/.config/discord/0.0.54/modules/pending/discord_krisp-1.zip: 46%
2024-05-20T18:59:55.559Z [Modules] Streaming discord_krisp@1 to /home/Cosmo/.config/discord/0.0.54/modules/pending/discord_krisp-1.zip: 47%
2024-05-20T18:59:55.565Z [Modules] Streaming discord_krisp@1 to /home/Cosmo/.config/discord/0.0.54/modules/pending/discord_krisp-1.zip: 48%
2024-05-20T18:59:55.570Z [Modules] Streaming discord_krisp@1 to /home/Cosmo/.config/discord/0.0.54/modules/pending/discord_krisp-1.zip: 49%
2024-05-20T18:59:55.578Z [Modules] Streaming discord_krisp@1 to /home/Cosmo/.config/discord/0.0.54/modules/pending/discord_krisp-1.zip: 50%
2024-05-20T18:59:55.586Z [Modules] Streaming discord_krisp@1 to /home/Cosmo/.config/discord/0.0.54/modules/pending/discord_krisp-1.zip: 51%
2024-05-20T18:59:55.592Z [Modules] Streaming discord_krisp@1 to /home/Cosmo/.config/discord/0.0.54/modules/pending/discord_krisp-1.zip: 52%
2024-05-20T18:59:55.612Z [Modules] Streaming discord_krisp@1 to /home/Cosmo/.config/discord/0.0.54/modules/pending/discord_krisp-1.zip: 53%
2024-05-20T18:59:55.617Z [Modules] Streaming discord_krisp@1 to /home/Cosmo/.config/discord/0.0.54/modules/pending/discord_krisp-1.zip: 54%
2024-05-20T18:59:55.624Z [Modules] Streaming discord_krisp@1 to /home/Cosmo/.config/discord/0.0.54/modules/pending/discord_krisp-1.zip: 55%
2024-05-20T18:59:55.638Z [Modules] Streaming discord_krisp@1 to /home/Cosmo/.config/discord/0.0.54/modules/pending/discord_krisp-1.zip: 56%
2024-05-20T18:59:55.645Z [Modules] Streaming discord_krisp@1 to /home/Cosmo/.config/discord/0.0.54/modules/pending/discord_krisp-1.zip: 57%
2024-05-20T18:59:55.654Z [Modules] Streaming discord_krisp@1 to /home/Cosmo/.config/discord/0.0.54/modules/pending/discord_krisp-1.zip: 58%
2024-05-20T18:59:55.661Z [Modules] Streaming discord_krisp@1 to /home/Cosmo/.config/discord/0.0.54/modules/pending/discord_krisp-1.zip: 59%
2024-05-20T18:59:55.676Z [Modules] Streaming discord_krisp@1 to /home/Cosmo/.config/discord/0.0.54/modules/pending/discord_krisp-1.zip: 60%
2024-05-20T18:59:55.681Z [Modules] Streaming discord_krisp@1 to /home/Cosmo/.config/discord/0.0.54/modules/pending/discord_krisp-1.zip: 61%
2024-05-20T18:59:55.692Z [Modules] Streaming discord_krisp@1 to /home/Cosmo/.config/discord/0.0.54/modules/pending/discord_krisp-1.zip: 62%
2024-05-20T18:59:55.699Z [Modules] Streaming discord_krisp@1 to /home/Cosmo/.config/discord/0.0.54/modules/pending/discord_krisp-1.zip: 63%
2024-05-20T18:59:55.706Z [Modules] Streaming discord_krisp@1 to /home/Cosmo/.config/discord/0.0.54/modules/pending/discord_krisp-1.zip: 64%
2024-05-20T18:59:55.720Z [Modules] Streaming discord_krisp@1 to /home/Cosmo/.config/discord/0.0.54/modules/pending/discord_krisp-1.zip: 65%
2024-05-20T18:59:55.728Z [Modules] Streaming discord_krisp@1 to /home/Cosmo/.config/discord/0.0.54/modules/pending/discord_krisp-1.zip: 66%
2024-05-20T18:59:55.735Z [Modules] Streaming discord_krisp@1 to /home/Cosmo/.config/discord/0.0.54/modules/pending/discord_krisp-1.zip: 67%
2024-05-20T18:59:55.757Z [Modules] Streaming discord_krisp@1 to /home/Cosmo/.config/discord/0.0.54/modules/pending/discord_krisp-1.zip: 69%
2024-05-20T18:59:55.773Z [Modules] Streaming discord_krisp@1 to /home/Cosmo/.config/discord/0.0.54/modules/pending/discord_krisp-1.zip: 71%
2024-05-20T18:59:55.778Z [Modules] Streaming discord_krisp@1 to /home/Cosmo/.config/discord/0.0.54/modules/pending/discord_krisp-1.zip: 72%
2024-05-20T18:59:55.786Z [Modules] Streaming discord_krisp@1 to /home/Cosmo/.config/discord/0.0.54/modules/pending/discord_krisp-1.zip: 73%
2024-05-20T18:59:55.798Z [Modules] Streaming discord_krisp@1 to /home/Cosmo/.config/discord/0.0.54/modules/pending/discord_krisp-1.zip: 74%
2024-05-20T18:59:55.805Z [Modules] Streaming discord_krisp@1 to /home/Cosmo/.config/discord/0.0.54/modules/pending/discord_krisp-1.zip: 75%
2024-05-20T18:59:55.809Z [Modules] Streaming discord_krisp@1 to /home/Cosmo/.config/discord/0.0.54/modules/pending/discord_krisp-1.zip: 76%
2024-05-20T18:59:55.824Z [Modules] Streaming discord_krisp@1 to /home/Cosmo/.config/discord/0.0.54/modules/pending/discord_krisp-1.zip: 77%
2024-05-20T18:59:55.835Z [Modules] Streaming discord_krisp@1 to /home/Cosmo/.config/discord/0.0.54/modules/pending/discord_krisp-1.zip: 78%
2024-05-20T18:59:55.838Z [Modules] Streaming discord_krisp@1 to /home/Cosmo/.config/discord/0.0.54/modules/pending/discord_krisp-1.zip: 79%
2024-05-20T18:59:55.883Z [Modules] Streaming discord_krisp@1 to /home/Cosmo/.config/discord/0.0.54/modules/pending/discord_krisp-1.zip: 82%
2024-05-20T18:59:55.886Z [Modules] Streaming discord_krisp@1 to /home/Cosmo/.config/discord/0.0.54/modules/pending/discord_krisp-1.zip: 83%
2024-05-20T18:59:55.951Z [Modules] Streaming discord_krisp@1 to /home/Cosmo/.config/discord/0.0.54/modules/pending/discord_krisp-1.zip: 84%
2024-05-20T18:59:55.953Z [Modules] Streaming discord_krisp@1 to /home/Cosmo/.config/discord/0.0.54/modules/pending/discord_krisp-1.zip: 85%
2024-05-20T18:59:55.956Z [Modules] Streaming discord_krisp@1 to /home/Cosmo/.config/discord/0.0.54/modules/pending/discord_krisp-1.zip: 86%
2024-05-20T18:59:55.964Z [Modules] Streaming discord_krisp@1 to /home/Cosmo/.config/discord/0.0.54/modules/pending/discord_krisp-1.zip: 87%
2024-05-20T18:59:55.970Z [Modules] Streaming discord_krisp@1 to /home/Cosmo/.config/discord/0.0.54/modules/pending/discord_krisp-1.zip: 88%
2024-05-20T18:59:55.984Z [Modules] Streaming discord_krisp@1 to /home/Cosmo/.config/discord/0.0.54/modules/pending/discord_krisp-1.zip: 89%
2024-05-20T18:59:55.986Z [Modules] Streaming discord_krisp@1 to /home/Cosmo/.config/discord/0.0.54/modules/pending/discord_krisp-1.zip: 90%
2024-05-20T18:59:55.988Z [Modules] Streaming discord_krisp@1 to /home/Cosmo/.config/discord/0.0.54/modules/pending/discord_krisp-1.zip: 91%
2024-05-20T18:59:55.990Z [Modules] Streaming discord_krisp@1 to /home/Cosmo/.config/discord/0.0.54/modules/pending/discord_krisp-1.zip: 92%
2024-05-20T18:59:55.992Z [Modules] Streaming discord_krisp@1 to /home/Cosmo/.config/discord/0.0.54/modules/pending/discord_krisp-1.zip: 93%
2024-05-20T18:59:55.994Z [Modules] Streaming discord_krisp@1 to /home/Cosmo/.config/discord/0.0.54/modules/pending/discord_krisp-1.zip: 94%
2024-05-20T18:59:55.999Z [Modules] Streaming discord_krisp@1 to /home/Cosmo/.config/discord/0.0.54/modules/pending/discord_krisp-1.zip: 95%
2024-05-20T18:59:56.004Z [Modules] Streaming discord_krisp@1 to /home/Cosmo/.config/discord/0.0.54/modules/pending/discord_krisp-1.zip: 96%
2024-05-20T18:59:56.102Z [Modules] Streaming discord_krisp@1 to /home/Cosmo/.config/discord/0.0.54/modules/pending/discord_krisp-1.zip: 97%
2024-05-20T18:59:56.113Z [Modules] Streaming discord_krisp@1 to /home/Cosmo/.config/discord/0.0.54/modules/pending/discord_krisp-1.zip: 98%
2024-05-20T18:59:56.119Z [Modules] Streaming discord_krisp@1 to /home/Cosmo/.config/discord/0.0.54/modules/pending/discord_krisp-1.zip: 99%
2024-05-20T18:59:56.122Z [Modules] Streaming discord_krisp@1 to /home/Cosmo/.config/discord/0.0.54/modules/pending/discord_krisp-1.zip: 100%
2024-05-20T18:59:56.126Z [Modules] Fetching discord_game_utils@1 from https://discord.com/api/modules/stable/discord_game_utils/1
2024-05-20T18:59:56.126Z [Modules] Streaming discord_game_utils@1 to /home/Cosmo/.config/discord/0.0.54/modules/pending/discord_game_utils-1.zip
2024-05-20T18:59:56.127Z [Modules] Installing discord_krisp@1 from /home/Cosmo/.config/discord/0.0.54/modules/pending/discord_krisp-1.zip
2024-05-20T18:59:56.240Z [Modules] Streaming discord_game_utils@1 to /home/Cosmo/.config/discord/0.0.54/modules/pending/discord_game_utils-1.zip: 2%
2024-05-20T18:59:56.256Z [Modules] Streaming discord_game_utils@1 to /home/Cosmo/.config/discord/0.0.54/modules/pending/discord_game_utils-1.zip: 5%
2024-05-20T18:59:56.324Z [Modules] Streaming discord_game_utils@1 to /home/Cosmo/.config/discord/0.0.54/modules/pending/discord_game_utils-1.zip: 10%
2024-05-20T18:59:56.331Z [Modules] Streaming discord_game_utils@1 to /home/Cosmo/.config/discord/0.0.54/modules/pending/discord_game_utils-1.zip: 16%
2024-05-20T18:59:56.334Z [Modules] Streaming discord_game_utils@1 to /home/Cosmo/.config/discord/0.0.54/modules/pending/discord_game_utils-1.zip: 26%
2024-05-20T18:59:56.338Z [Modules] Streaming discord_game_utils@1 to /home/Cosmo/.config/discord/0.0.54/modules/pending/discord_game_utils-1.zip: 36%
2024-05-20T18:59:56.341Z [Modules] Streaming discord_game_utils@1 to /home/Cosmo/.config/discord/0.0.54/modules/pending/discord_game_utils-1.zip: 46%
2024-05-20T18:59:56.342Z [Modules] Streaming discord_game_utils@1 to /home/Cosmo/.config/discord/0.0.54/modules/pending/discord_game_utils-1.zip: 54%
2024-05-20T18:59:56.343Z [Modules] Streaming discord_game_utils@1 to /home/Cosmo/.config/discord/0.0.54/modules/pending/discord_game_utils-1.zip: 59%
2024-05-20T18:59:56.348Z [Modules] Streaming discord_game_utils@1 to /home/Cosmo/.config/discord/0.0.54/modules/pending/discord_game_utils-1.zip: 82%
2024-05-20T18:59:56.350Z [Modules] Streaming discord_game_utils@1 to /home/Cosmo/.config/discord/0.0.54/modules/pending/discord_game_utils-1.zip: 100%
2024-05-20T18:59:56.352Z [Modules] Finished module downloads. [success: 2] [failure: 0]
2024-05-20T18:59:56.691Z [Modules] Checking for host updates.
2024-05-20T18:59:56.748Z [Modules] Host is up to date.
2024-05-20T18:59:56.748Z [Modules] Checking for module updates at https://discord.com/api/modules/stable/versions.json
2024-05-20T18:59:56.753Z [Modules] No module updates available.
2024-05-20T18:59:57.014Z [Modules] Starting to install discord_rpc...
2024-05-20T18:59:57.014Z [Modules] Fetching discord_rpc@1 from https://discord.com/api/modules/stable/discord_rpc/1
2024-05-20T18:59:57.014Z [Modules] Streaming discord_rpc@1 to /home/Cosmo/.config/discord/0.0.54/modules/pending/discord_rpc-1.zip
2024-05-20T18:59:57.095Z [Modules] Streaming discord_rpc@1 to /home/Cosmo/.config/discord/0.0.54/modules/pending/discord_rpc-1.zip: 100%
2024-05-20T18:59:57.097Z [Modules] Finished module downloads. [success: 1] [failure: 0]
2024-05-20T18:59:57.100Z [Modules] Installing discord_game_utils@1 from /home/Cosmo/.config/discord/0.0.54/modules/pending/discord_game_utils-1.zip
2024-05-20T18:59:57.277Z [Modules] Installing discord_rpc@1 from /home/Cosmo/.config/discord/0.0.54/modules/pending/discord_rpc-1.zip
2024-05-20T18:59:57.314Z [Modules] Finished module installations. [success: 3] [failure: 0]
